The system is: Linux - 5.11.0-46-generic - x86_64
Compiling the C compiler identification source file "CMakeCCompilerId.c" succeeded.
Compiler: /usr/bin/cc 
Build flags: 
Id flags:  

The output was:
0


Compilation of the C compiler identification source "CMakeCCompilerId.c" produced "a.out"

The C compiler identification is GNU, found in "/home/josyula/git/openrave/build/CMakeFiles/3.16.3/CompilerIdC/a.out"

Compiling the CXX compiler identification source file "CMakeCXXCompilerId.cpp" succeeded.
Compiler: /usr/bin/c++ 
Build flags: 
Id flags:  

The output was:
0


Compilation of the CXX compiler identification source "CMakeCXXCompilerId.cpp" produced "a.out"

The CXX compiler identification is GNU, found in "/home/josyula/git/openrave/build/CMakeFiles/3.16.3/CompilerIdCXX/a.out"

Determining if the C compiler works passed with the following output:
Change Dir: /home/josyula/git/openrave/build/CMakeFiles/CMakeTmp

Run Build Command(s):/usr/bin/make cmTC_1476f/fast && /usr/bin/make -f CMakeFiles/cmTC_1476f.dir/build.make CMakeFiles/cmTC_1476f.dir/build
make[1]: Entering directory '/home/josyula/git/openrave/build/CMakeFiles/CMakeTmp'
Building C object CMakeFiles/cmTC_1476f.dir/testCCompiler.c.o
/usr/bin/cc    -o CMakeFiles/cmTC_1476f.dir/testCCompiler.c.o   -c /home/josyula/git/openrave/build/CMakeFiles/CMakeTmp/testCCompiler.c
Linking C executable cmTC_1476f
/usr/bin/cmake -E cmake_link_script CMakeFiles/cmTC_1476f.dir/link.txt --verbose=1
/usr/bin/cc      -rdynamic CMakeFiles/cmTC_1476f.dir/testCCompiler.c.o  -o cmTC_1476f 
make[1]: Leaving directory '/home/josyula/git/openrave/build/CMakeFiles/CMakeTmp'



Detecting C compiler ABI info compiled with the following output:
Change Dir: /home/josyula/git/openrave/build/CMakeFiles/CMakeTmp

Run Build Command(s):/usr/bin/make cmTC_a9d63/fast && /usr/bin/make -f CMakeFiles/cmTC_a9d63.dir/build.make CMakeFiles/cmTC_a9d63.dir/build
make[1]: Entering directory '/home/josyula/git/openrave/build/CMakeFiles/CMakeTmp'
Building C object CMakeFiles/cmTC_a9d63.dir/CMakeCCompilerABI.c.o
/usr/bin/cc   -v -o CMakeFiles/cmTC_a9d63.dir/CMakeCCompilerABI.c.o   -c /usr/share/cmake-3.16/Modules/CMakeCCompilerABI.c
Using built-in specs.
COLLECT_GCC=/usr/bin/cc
OFFLOAD_TARGET_NAMES=nvptx-none:hsa
OFFLOAD_TARGET_DEFAULT=1
Target: x86_64-linux-gnu
Configured with: ../src/configure -v --with-pkgversion='Ubuntu 9.4.0-1ubuntu1~20.04.1' --with-bugurl=file:///usr/share/doc/gcc-9/README.Bugs --enable-languages=c,ada,c++,go,brig,d,fortran,objc,obj-c++,gm2 --prefix=/usr --with-gcc-major-version-only --program-suffix=-9 --program-prefix=x86_64-linux-gnu- --enable-shared --enable-linker-build-id --libexecdir=/usr/lib --without-included-gettext --enable-threads=posix --libdir=/usr/lib --enable-nls --enable-clocale=gnu --enable-libstdcxx-debug --enable-libstdcxx-time=yes --with-default-libstdcxx-abi=new --enable-gnu-unique-object --disable-vtable-verify --enable-plugin --enable-default-pie --with-system-zlib --with-target-system-zlib=auto --enable-objc-gc=auto --enable-multiarch --disable-werror --with-arch-32=i686 --with-abi=m64 --with-multilib-list=m32,m64,mx32 --enable-multilib --with-tune=generic --enable-offload-targets=nvptx-none=/build/gcc-9-Av3uEd/gcc-9-9.4.0/debian/tmp-nvptx/usr,hsa --without-cuda-driver --enable-checking=release --build=x86_64-linux-gnu --host=x86_64-linux-gnu --target=x86_64-linux-gnu
Thread model: posix
gcc version 9.4.0 (Ubuntu 9.4.0-1ubuntu1~20.04.1) 
COLLECT_GCC_OPTIONS='-v' '-o' 'CMakeFiles/cmTC_a9d63.dir/CMakeCCompilerABI.c.o' '-c' '-mtune=generic' '-march=x86-64'
 /usr/lib/gcc/x86_64-linux-gnu/9/cc1 -quiet -v -imultiarch x86_64-linux-gnu /usr/share/cmake-3.16/Modules/CMakeCCompilerABI.c -quiet -dumpbase CMakeCCompilerABI.c -mtune=generic -march=x86-64 -auxbase-strip CMakeFiles/cmTC_a9d63.dir/CMakeCCompilerABI.c.o -version -fasynchronous-unwind-tables -fstack-protector-strong -Wformat -Wformat-security -fstack-clash-protection -fcf-protection -o /tmp/ccRtMQbg.s
GNU C17 (Ubuntu 9.4.0-1ubuntu1~20.04.1) version 9.4.0 (x86_64-linux-gnu)
	compiled by GNU C version 9.4.0, GMP version 6.2.0, MPFR version 4.0.2, MPC version 1.1.0, isl version isl-0.22.1-GMP

GGC heuristics: --param ggc-min-expand=100 --param ggc-min-heapsize=131072
ignoring nonexistent directory "/usr/local/include/x86_64-linux-gnu"
ignoring nonexistent directory "/usr/lib/gcc/x86_64-linux-gnu/9/include-fixed"
ignoring nonexistent directory "/usr/lib/gcc/x86_64-linux-gnu/9/../../../../x86_64-linux-gnu/include"
#include "..." search starts here:
#include <...> search starts here:
 /usr/lib/gcc/x86_64-linux-gnu/9/include
 /usr/local/include
 /usr/include/x86_64-linux-gnu
 /usr/include
End of search list.
GNU C17 (Ubuntu 9.4.0-1ubuntu1~20.04.1) version 9.4.0 (x86_64-linux-gnu)
	compiled by GNU C version 9.4.0, GMP version 6.2.0, MPFR version 4.0.2, MPC version 1.1.0, isl version isl-0.22.1-GMP

GGC heuristics: --param ggc-min-expand=100 --param ggc-min-heapsize=131072
Compiler executable checksum: c0c95c0b4209efec1c1892d5ff24030b
COLLECT_GCC_OPTIONS='-v' '-o' 'CMakeFiles/cmTC_a9d63.dir/CMakeCCompilerABI.c.o' '-c' '-mtune=generic' '-march=x86-64'
 as -v --64 -o CMakeFiles/cmTC_a9d63.dir/CMakeCCompilerABI.c.o /tmp/ccRtMQbg.s
GNU assembler version 2.34 (x86_64-linux-gnu) using BFD version (GNU Binutils for Ubuntu) 2.34
COMPILER_PATH=/usr/lib/gcc/x86_64-linux-gnu/9/:/usr/lib/gcc/x86_64-linux-gnu/9/:/usr/lib/gcc/x86_64-linux-gnu/:/usr/lib/gcc/x86_64-linux-gnu/9/:/usr/lib/gcc/x86_64-linux-gnu/
LIBRARY_PATH=/usr/lib/gcc/x86_64-linux-gnu/9/:/usr/lib/gcc/x86_64-linux-gnu/9/../../../x86_64-linux-gnu/:/usr/lib/gcc/x86_64-linux-gnu/9/../../../../lib/:/lib/x86_64-linux-gnu/:/lib/../lib/:/usr/lib/x86_64-linux-gnu/:/usr/lib/../lib/:/usr/lib/gcc/x86_64-linux-gnu/9/../../../:/lib/:/usr/lib/
COLLECT_GCC_OPTIONS='-v' '-o' 'CMakeFiles/cmTC_a9d63.dir/CMakeCCompilerABI.c.o' '-c' '-mtune=generic' '-march=x86-64'
Linking C executable cmTC_a9d63
/usr/bin/cmake -E cmake_link_script CMakeFiles/cmTC_a9d63.dir/link.txt --verbose=1
/usr/bin/cc     -v -rdynamic CMakeFiles/cmTC_a9d63.dir/CMakeCCompilerABI.c.o  -o cmTC_a9d63 
Using built-in specs.
COLLECT_GCC=/usr/bin/cc
COLLECT_LTO_WRAPPER=/usr/lib/gcc/x86_64-linux-gnu/9/lto-wrapper
OFFLOAD_TARGET_NAMES=nvptx-none:hsa
OFFLOAD_TARGET_DEFAULT=1
Target: x86_64-linux-gnu
Configured with: ../src/configure -v --with-pkgversion='Ubuntu 9.4.0-1ubuntu1~20.04.1' --with-bugurl=file:///usr/share/doc/gcc-9/README.Bugs --enable-languages=c,ada,c++,go,brig,d,fortran,objc,obj-c++,gm2 --prefix=/usr --with-gcc-major-version-only --program-suffix=-9 --program-prefix=x86_64-linux-gnu- --enable-shared --enable-linker-build-id --libexecdir=/usr/lib --without-included-gettext --enable-threads=posix --libdir=/usr/lib --enable-nls --enable-clocale=gnu --enable-libstdcxx-debug --enable-libstdcxx-time=yes --with-default-libstdcxx-abi=new --enable-gnu-unique-object --disable-vtable-verify --enable-plugin --enable-default-pie --with-system-zlib --with-target-system-zlib=auto --enable-objc-gc=auto --enable-multiarch --disable-werror --with-arch-32=i686 --with-abi=m64 --with-multilib-list=m32,m64,mx32 --enable-multilib --with-tune=generic --enable-offload-targets=nvptx-none=/build/gcc-9-Av3uEd/gcc-9-9.4.0/debian/tmp-nvptx/usr,hsa --without-cuda-driver --enable-checking=release --build=x86_64-linux-gnu --host=x86_64-linux-gnu --target=x86_64-linux-gnu
Thread model: posix
gcc version 9.4.0 (Ubuntu 9.4.0-1ubuntu1~20.04.1) 
COMPILER_PATH=/usr/lib/gcc/x86_64-linux-gnu/9/:/usr/lib/gcc/x86_64-linux-gnu/9/:/usr/lib/gcc/x86_64-linux-gnu/:/usr/lib/gcc/x86_64-linux-gnu/9/:/usr/lib/gcc/x86_64-linux-gnu/
LIBRARY_PATH=/usr/lib/gcc/x86_64-linux-gnu/9/:/usr/lib/gcc/x86_64-linux-gnu/9/../../../x86_64-linux-gnu/:/usr/lib/gcc/x86_64-linux-gnu/9/../../../../lib/:/lib/x86_64-linux-gnu/:/lib/../lib/:/usr/lib/x86_64-linux-gnu/:/usr/lib/../lib/:/usr/lib/gcc/x86_64-linux-gnu/9/../../../:/lib/:/usr/lib/
COLLECT_GCC_OPTIONS='-v' '-rdynamic' '-o' 'cmTC_a9d63' '-mtune=generic' '-march=x86-64'
 /usr/lib/gcc/x86_64-linux-gnu/9/collect2 -plugin /usr/lib/gcc/x86_64-linux-gnu/9/liblto_plugin.so -plugin-opt=/usr/lib/gcc/x86_64-linux-gnu/9/lto-wrapper -plugin-opt=-fresolution=/tmp/cctwrteH.res -plugin-opt=-pass-through=-lgcc -plugin-opt=-pass-through=-lgcc_s -plugin-opt=-pass-through=-lc -plugin-opt=-pass-through=-lgcc -plugin-opt=-pass-through=-lgcc_s --build-id --eh-frame-hdr -m elf_x86_64 --hash-style=gnu --as-needed -export-dynamic -dynamic-linker /lib64/ld-linux-x86-64.so.2 -pie -z now -z relro -o cmTC_a9d63 /usr/lib/gcc/x86_64-linux-gnu/9/../../../x86_64-linux-gnu/Scrt1.o /usr/lib/gcc/x86_64-linux-gnu/9/../../../x86_64-linux-gnu/crti.o /usr/lib/gcc/x86_64-linux-gnu/9/crtbeginS.o -L/usr/lib/gcc/x86_64-linux-gnu/9 -L/usr/lib/gcc/x86_64-linux-gnu/9/../../../x86_64-linux-gnu -L/usr/lib/gcc/x86_64-linux-gnu/9/../../../../lib -L/lib/x86_64-linux-gnu -L/lib/../lib -L/usr/lib/x86_64-linux-gnu -L/usr/lib/../lib -L/usr/lib/gcc/x86_64-linux-gnu/9/../../.. CMakeFiles/cmTC_a9d63.dir/CMakeCCompilerABI.c.o -lgcc --push-state --as-needed -lgcc_s --pop-state -lc -lgcc --push-state --as-needed -lgcc_s --pop-state /usr/lib/gcc/x86_64-linux-gnu/9/crtendS.o /usr/lib/gcc/x86_64-linux-gnu/9/../../../x86_64-linux-gnu/crtn.o
COLLECT_GCC_OPTIONS='-v' '-rdynamic' '-o' 'cmTC_a9d63' '-mtune=generic' '-march=x86-64'
make[1]: Leaving directory '/home/josyula/git/openrave/build/CMakeFiles/CMakeTmp'



Parsed C implicit include dir info from above output: rv=done
  found start of include info
  found start of implicit include info
    add: [/usr/lib/gcc/x86_64-linux-gnu/9/include]
    add: [/usr/local/include]
    add: [/usr/include/x86_64-linux-gnu]
    add: [/usr/include]
  end of search list found
  collapse include dir [/usr/lib/gcc/x86_64-linux-gnu/9/include] ==> [/usr/lib/gcc/x86_64-linux-gnu/9/include]
  collapse include dir [/usr/local/include] ==> [/usr/local/include]
  collapse include dir [/usr/include/x86_64-linux-gnu] ==> [/usr/include/x86_64-linux-gnu]
  collapse include dir [/usr/include] ==> [/usr/include]
  implicit include dirs: [/usr/lib/gcc/x86_64-linux-gnu/9/include;/usr/local/include;/usr/include/x86_64-linux-gnu;/usr/include]


Parsed C implicit link information from above output:
  link line regex: [^( *|.*[/\])(ld|CMAKE_LINK_STARTFILE-NOTFOUND|([^/\]+-)?ld|collect2)[^/\]*( |$)]
  ignore line: [Change Dir: /home/josyula/git/openrave/build/CMakeFiles/CMakeTmp]
  ignore line: []
  ignore line: [Run Build Command(s):/usr/bin/make cmTC_a9d63/fast && /usr/bin/make -f CMakeFiles/cmTC_a9d63.dir/build.make CMakeFiles/cmTC_a9d63.dir/build]
  ignore line: [make[1]: Entering directory '/home/josyula/git/openrave/build/CMakeFiles/CMakeTmp']
  ignore line: [Building C object CMakeFiles/cmTC_a9d63.dir/CMakeCCompilerABI.c.o]
  ignore line: [/usr/bin/cc   -v -o CMakeFiles/cmTC_a9d63.dir/CMakeCCompilerABI.c.o   -c /usr/share/cmake-3.16/Modules/CMakeCCompilerABI.c]
  ignore line: [Using built-in specs.]
  ignore line: [COLLECT_GCC=/usr/bin/cc]
  ignore line: [OFFLOAD_TARGET_NAMES=nvptx-none:hsa]
  ignore line: [OFFLOAD_TARGET_DEFAULT=1]
  ignore line: [Target: x86_64-linux-gnu]
  ignore line: [Configured with: ../src/configure -v --with-pkgversion='Ubuntu 9.4.0-1ubuntu1~20.04.1' --with-bugurl=file:///usr/share/doc/gcc-9/README.Bugs --enable-languages=c ada c++ go brig d fortran objc obj-c++ gm2 --prefix=/usr --with-gcc-major-version-only --program-suffix=-9 --program-prefix=x86_64-linux-gnu- --enable-shared --enable-linker-build-id --libexecdir=/usr/lib --without-included-gettext --enable-threads=posix --libdir=/usr/lib --enable-nls --enable-clocale=gnu --enable-libstdcxx-debug --enable-libstdcxx-time=yes --with-default-libstdcxx-abi=new --enable-gnu-unique-object --disable-vtable-verify --enable-plugin --enable-default-pie --with-system-zlib --with-target-system-zlib=auto --enable-objc-gc=auto --enable-multiarch --disable-werror --with-arch-32=i686 --with-abi=m64 --with-multilib-list=m32 m64 mx32 --enable-multilib --with-tune=generic --enable-offload-targets=nvptx-none=/build/gcc-9-Av3uEd/gcc-9-9.4.0/debian/tmp-nvptx/usr hsa --without-cuda-driver --enable-checking=release --build=x86_64-linux-gnu --host=x86_64-linux-gnu --target=x86_64-linux-gnu]
  ignore line: [Thread model: posix]
  ignore line: [gcc version 9.4.0 (Ubuntu 9.4.0-1ubuntu1~20.04.1) ]
  ignore line: [COLLECT_GCC_OPTIONS='-v' '-o' 'CMakeFiles/cmTC_a9d63.dir/CMakeCCompilerABI.c.o' '-c' '-mtune=generic' '-march=x86-64']
  ignore line: [ /usr/lib/gcc/x86_64-linux-gnu/9/cc1 -quiet -v -imultiarch x86_64-linux-gnu /usr/share/cmake-3.16/Modules/CMakeCCompilerABI.c -quiet -dumpbase CMakeCCompilerABI.c -mtune=generic -march=x86-64 -auxbase-strip CMakeFiles/cmTC_a9d63.dir/CMakeCCompilerABI.c.o -version -fasynchronous-unwind-tables -fstack-protector-strong -Wformat -Wformat-security -fstack-clash-protection -fcf-protection -o /tmp/ccRtMQbg.s]
  ignore line: [GNU C17 (Ubuntu 9.4.0-1ubuntu1~20.04.1) version 9.4.0 (x86_64-linux-gnu)]
  ignore line: [	compiled by GNU C version 9.4.0  GMP version 6.2.0  MPFR version 4.0.2  MPC version 1.1.0  isl version isl-0.22.1-GMP]
  ignore line: []
  ignore line: [GGC heuristics: --param ggc-min-expand=100 --param ggc-min-heapsize=131072]
  ignore line: [ignoring nonexistent directory "/usr/local/include/x86_64-linux-gnu"]
  ignore line: [ignoring nonexistent directory "/usr/lib/gcc/x86_64-linux-gnu/9/include-fixed"]
  ignore line: [ignoring nonexistent directory "/usr/lib/gcc/x86_64-linux-gnu/9/../../../../x86_64-linux-gnu/include"]
  ignore line: [#include "..." search starts here:]
  ignore line: [#include <...> search starts here:]
  ignore line: [ /usr/lib/gcc/x86_64-linux-gnu/9/include]
  ignore line: [ /usr/local/include]
  ignore line: [ /usr/include/x86_64-linux-gnu]
  ignore line: [ /usr/include]
  ignore line: [End of search list.]
  ignore line: [GNU C17 (Ubuntu 9.4.0-1ubuntu1~20.04.1) version 9.4.0 (x86_64-linux-gnu)]
  ignore line: [	compiled by GNU C version 9.4.0  GMP version 6.2.0  MPFR version 4.0.2  MPC version 1.1.0  isl version isl-0.22.1-GMP]
  ignore line: []
  ignore line: [GGC heuristics: --param ggc-min-expand=100 --param ggc-min-heapsize=131072]
  ignore line: [Compiler executable checksum: c0c95c0b4209efec1c1892d5ff24030b]
  ignore line: [COLLECT_GCC_OPTIONS='-v' '-o' 'CMakeFiles/cmTC_a9d63.dir/CMakeCCompilerABI.c.o' '-c' '-mtune=generic' '-march=x86-64']
  ignore line: [ as -v --64 -o CMakeFiles/cmTC_a9d63.dir/CMakeCCompilerABI.c.o /tmp/ccRtMQbg.s]
  ignore line: [GNU assembler version 2.34 (x86_64-linux-gnu) using BFD version (GNU Binutils for Ubuntu) 2.34]
  ignore line: [COMPILER_PATH=/usr/lib/gcc/x86_64-linux-gnu/9/:/usr/lib/gcc/x86_64-linux-gnu/9/:/usr/lib/gcc/x86_64-linux-gnu/:/usr/lib/gcc/x86_64-linux-gnu/9/:/usr/lib/gcc/x86_64-linux-gnu/]
  ignore line: [LIBRARY_PATH=/usr/lib/gcc/x86_64-linux-gnu/9/:/usr/lib/gcc/x86_64-linux-gnu/9/../../../x86_64-linux-gnu/:/usr/lib/gcc/x86_64-linux-gnu/9/../../../../lib/:/lib/x86_64-linux-gnu/:/lib/../lib/:/usr/lib/x86_64-linux-gnu/:/usr/lib/../lib/:/usr/lib/gcc/x86_64-linux-gnu/9/../../../:/lib/:/usr/lib/]
  ignore line: [COLLECT_GCC_OPTIONS='-v' '-o' 'CMakeFiles/cmTC_a9d63.dir/CMakeCCompilerABI.c.o' '-c' '-mtune=generic' '-march=x86-64']
  ignore line: [Linking C executable cmTC_a9d63]
  ignore line: [/usr/bin/cmake -E cmake_link_script CMakeFiles/cmTC_a9d63.dir/link.txt --verbose=1]
  ignore line: [/usr/bin/cc     -v -rdynamic CMakeFiles/cmTC_a9d63.dir/CMakeCCompilerABI.c.o  -o cmTC_a9d63 ]
  ignore line: [Using built-in specs.]
  ignore line: [COLLECT_GCC=/usr/bin/cc]
  ignore line: [COLLECT_LTO_WRAPPER=/usr/lib/gcc/x86_64-linux-gnu/9/lto-wrapper]
  ignore line: [OFFLOAD_TARGET_NAMES=nvptx-none:hsa]
  ignore line: [OFFLOAD_TARGET_DEFAULT=1]
  ignore line: [Target: x86_64-linux-gnu]
  ignore line: [Configured with: ../src/configure -v --with-pkgversion='Ubuntu 9.4.0-1ubuntu1~20.04.1' --with-bugurl=file:///usr/share/doc/gcc-9/README.Bugs --enable-languages=c ada c++ go brig d fortran objc obj-c++ gm2 --prefix=/usr --with-gcc-major-version-only --program-suffix=-9 --program-prefix=x86_64-linux-gnu- --enable-shared --enable-linker-build-id --libexecdir=/usr/lib --without-included-gettext --enable-threads=posix --libdir=/usr/lib --enable-nls --enable-clocale=gnu --enable-libstdcxx-debug --enable-libstdcxx-time=yes --with-default-libstdcxx-abi=new --enable-gnu-unique-object --disable-vtable-verify --enable-plugin --enable-default-pie --with-system-zlib --with-target-system-zlib=auto --enable-objc-gc=auto --enable-multiarch --disable-werror --with-arch-32=i686 --with-abi=m64 --with-multilib-list=m32 m64 mx32 --enable-multilib --with-tune=generic --enable-offload-targets=nvptx-none=/build/gcc-9-Av3uEd/gcc-9-9.4.0/debian/tmp-nvptx/usr hsa --without-cuda-driver --enable-checking=release --build=x86_64-linux-gnu --host=x86_64-linux-gnu --target=x86_64-linux-gnu]
  ignore line: [Thread model: posix]
  ignore line: [gcc version 9.4.0 (Ubuntu 9.4.0-1ubuntu1~20.04.1) ]
  ignore line: [COMPILER_PATH=/usr/lib/gcc/x86_64-linux-gnu/9/:/usr/lib/gcc/x86_64-linux-gnu/9/:/usr/lib/gcc/x86_64-linux-gnu/:/usr/lib/gcc/x86_64-linux-gnu/9/:/usr/lib/gcc/x86_64-linux-gnu/]
  ignore line: [LIBRARY_PATH=/usr/lib/gcc/x86_64-linux-gnu/9/:/usr/lib/gcc/x86_64-linux-gnu/9/../../../x86_64-linux-gnu/:/usr/lib/gcc/x86_64-linux-gnu/9/../../../../lib/:/lib/x86_64-linux-gnu/:/lib/../lib/:/usr/lib/x86_64-linux-gnu/:/usr/lib/../lib/:/usr/lib/gcc/x86_64-linux-gnu/9/../../../:/lib/:/usr/lib/]
  ignore line: [COLLECT_GCC_OPTIONS='-v' '-rdynamic' '-o' 'cmTC_a9d63' '-mtune=generic' '-march=x86-64']
  link line: [ /usr/lib/gcc/x86_64-linux-gnu/9/collect2 -plugin /usr/lib/gcc/x86_64-linux-gnu/9/liblto_plugin.so -plugin-opt=/usr/lib/gcc/x86_64-linux-gnu/9/lto-wrapper -plugin-opt=-fresolution=/tmp/cctwrteH.res -plugin-opt=-pass-through=-lgcc -plugin-opt=-pass-through=-lgcc_s -plugin-opt=-pass-through=-lc -plugin-opt=-pass-through=-lgcc -plugin-opt=-pass-through=-lgcc_s --build-id --eh-frame-hdr -m elf_x86_64 --hash-style=gnu --as-needed -export-dynamic -dynamic-linker /lib64/ld-linux-x86-64.so.2 -pie -z now -z relro -o cmTC_a9d63 /usr/lib/gcc/x86_64-linux-gnu/9/../../../x86_64-linux-gnu/Scrt1.o /usr/lib/gcc/x86_64-linux-gnu/9/../../../x86_64-linux-gnu/crti.o /usr/lib/gcc/x86_64-linux-gnu/9/crtbeginS.o -L/usr/lib/gcc/x86_64-linux-gnu/9 -L/usr/lib/gcc/x86_64-linux-gnu/9/../../../x86_64-linux-gnu -L/usr/lib/gcc/x86_64-linux-gnu/9/../../../../lib -L/lib/x86_64-linux-gnu -L/lib/../lib -L/usr/lib/x86_64-linux-gnu -L/usr/lib/../lib -L/usr/lib/gcc/x86_64-linux-gnu/9/../../.. CMakeFiles/cmTC_a9d63.dir/CMakeCCompilerABI.c.o -lgcc --push-state --as-needed -lgcc_s --pop-state -lc -lgcc --push-state --as-needed -lgcc_s --pop-state /usr/lib/gcc/x86_64-linux-gnu/9/crtendS.o /usr/lib/gcc/x86_64-linux-gnu/9/../../../x86_64-linux-gnu/crtn.o]
    arg [/usr/lib/gcc/x86_64-linux-gnu/9/collect2] ==> ignore
    arg [-plugin] ==> ignore
    arg [/usr/lib/gcc/x86_64-linux-gnu/9/liblto_plugin.so] ==> ignore
    arg [-plugin-opt=/usr/lib/gcc/x86_64-linux-gnu/9/lto-wrapper] ==> ignore
    arg [-plugin-opt=-fresolution=/tmp/cctwrteH.res] ==> ignore
    arg [-plugin-opt=-pass-through=-lgcc] ==> ignore
    arg [-plugin-opt=-pass-through=-lgcc_s] ==> ignore
    arg [-plugin-opt=-pass-through=-lc] ==> ignore
    arg [-plugin-opt=-pass-through=-lgcc] ==> ignore
    arg [-plugin-opt=-pass-through=-lgcc_s] ==> ignore
    arg [--build-id] ==> ignore
    arg [--eh-frame-hdr] ==> ignore
    arg [-m] ==> ignore
    arg [elf_x86_64] ==> ignore
    arg [--hash-style=gnu] ==> ignore
    arg [--as-needed] ==> ignore
    arg [-export-dynamic] ==> ignore
    arg [-dynamic-linker] ==> ignore
    arg [/lib64/ld-linux-x86-64.so.2] ==> ignore
    arg [-pie] ==> ignore
    arg [-znow] ==> ignore
    arg [-zrelro] ==> ignore
    arg [-o] ==> ignore
    arg [cmTC_a9d63] ==> ignore
    arg [/usr/lib/gcc/x86_64-linux-gnu/9/../../../x86_64-linux-gnu/Scrt1.o] ==> ignore
    arg [/usr/lib/gcc/x86_64-linux-gnu/9/../../../x86_64-linux-gnu/crti.o] ==> ignore
    arg [/usr/lib/gcc/x86_64-linux-gnu/9/crtbeginS.o] ==> ignore
    arg [-L/usr/lib/gcc/x86_64-linux-gnu/9] ==> dir [/usr/lib/gcc/x86_64-linux-gnu/9]
    arg [-L/usr/lib/gcc/x86_64-linux-gnu/9/../../../x86_64-linux-gnu] ==> dir [/usr/lib/gcc/x86_64-linux-gnu/9/../../../x86_64-linux-gnu]
    arg [-L/usr/lib/gcc/x86_64-linux-gnu/9/../../../../lib] ==> dir [/usr/lib/gcc/x86_64-linux-gnu/9/../../../../lib]
    arg [-L/lib/x86_64-linux-gnu] ==> dir [/lib/x86_64-linux-gnu]
    arg [-L/lib/../lib] ==> dir [/lib/../lib]
    arg [-L/usr/lib/x86_64-linux-gnu] ==> dir [/usr/lib/x86_64-linux-gnu]
    arg [-L/usr/lib/../lib] ==> dir [/usr/lib/../lib]
    arg [-L/usr/lib/gcc/x86_64-linux-gnu/9/../../..] ==> dir [/usr/lib/gcc/x86_64-linux-gnu/9/../../..]
    arg [CMakeFiles/cmTC_a9d63.dir/CMakeCCompilerABI.c.o] ==> ignore
    arg [-lgcc] ==> lib [gcc]
    arg [--push-state] ==> ignore
    arg [--as-needed] ==> ignore
    arg [-lgcc_s] ==> lib [gcc_s]
    arg [--pop-state] ==> ignore
    arg [-lc] ==> lib [c]
    arg [-lgcc] ==> lib [gcc]
    arg [--push-state] ==> ignore
    arg [--as-needed] ==> ignore
    arg [-lgcc_s] ==> lib [gcc_s]
    arg [--pop-state] ==> ignore
    arg [/usr/lib/gcc/x86_64-linux-gnu/9/crtendS.o] ==> ignore
    arg [/usr/lib/gcc/x86_64-linux-gnu/9/../../../x86_64-linux-gnu/crtn.o] ==> ignore
  collapse library dir [/usr/lib/gcc/x86_64-linux-gnu/9] ==> [/usr/lib/gcc/x86_64-linux-gnu/9]
  collapse library dir [/usr/lib/gcc/x86_64-linux-gnu/9/../../../x86_64-linux-gnu] ==> [/usr/lib/x86_64-linux-gnu]
  collapse library dir [/usr/lib/gcc/x86_64-linux-gnu/9/../../../../lib] ==> [/usr/lib]
  collapse library dir [/lib/x86_64-linux-gnu] ==> [/lib/x86_64-linux-gnu]
  collapse library dir [/lib/../lib] ==> [/lib]
  collapse library dir [/usr/lib/x86_64-linux-gnu] ==> [/usr/lib/x86_64-linux-gnu]
  collapse library dir [/usr/lib/../lib] ==> [/usr/lib]
  collapse library dir [/usr/lib/gcc/x86_64-linux-gnu/9/../../..] ==> [/usr/lib]
  implicit libs: [gcc;gcc_s;c;gcc;gcc_s]
  implicit dirs: [/usr/lib/gcc/x86_64-linux-gnu/9;/usr/lib/x86_64-linux-gnu;/usr/lib;/lib/x86_64-linux-gnu;/lib]
  implicit fwks: []


Determining if the CXX compiler works passed with the following output:
Change Dir: /home/josyula/git/openrave/build/CMakeFiles/CMakeTmp

Run Build Command(s):/usr/bin/make cmTC_1d087/fast && /usr/bin/make -f CMakeFiles/cmTC_1d087.dir/build.make CMakeFiles/cmTC_1d087.dir/build
make[1]: Entering directory '/home/josyula/git/openrave/build/CMakeFiles/CMakeTmp'
Building CXX object CMakeFiles/cmTC_1d087.dir/testCXXCompiler.cxx.o
/usr/bin/c++     -o CMakeFiles/cmTC_1d087.dir/testCXXCompiler.cxx.o -c /home/josyula/git/openrave/build/CMakeFiles/CMakeTmp/testCXXCompiler.cxx
Linking CXX executable cmTC_1d087
/usr/bin/cmake -E cmake_link_script CMakeFiles/cmTC_1d087.dir/link.txt --verbose=1
/usr/bin/c++       -rdynamic CMakeFiles/cmTC_1d087.dir/testCXXCompiler.cxx.o  -o cmTC_1d087 
make[1]: Leaving directory '/home/josyula/git/openrave/build/CMakeFiles/CMakeTmp'



Detecting CXX compiler ABI info compiled with the following output:
Change Dir: /home/josyula/git/openrave/build/CMakeFiles/CMakeTmp

Run Build Command(s):/usr/bin/make cmTC_d5efc/fast && /usr/bin/make -f CMakeFiles/cmTC_d5efc.dir/build.make CMakeFiles/cmTC_d5efc.dir/build
make[1]: Entering directory '/home/josyula/git/openrave/build/CMakeFiles/CMakeTmp'
Building CXX object CMakeFiles/cmTC_d5efc.dir/CMakeCXXCompilerABI.cpp.o
/usr/bin/c++    -v -o CMakeFiles/cmTC_d5efc.dir/CMakeCXXCompilerABI.cpp.o -c /usr/share/cmake-3.16/Modules/CMakeCXXCompilerABI.cpp
Using built-in specs.
COLLECT_GCC=/usr/bin/c++
OFFLOAD_TARGET_NAMES=nvptx-none:hsa
OFFLOAD_TARGET_DEFAULT=1
Target: x86_64-linux-gnu
Configured with: ../src/configure -v --with-pkgversion='Ubuntu 9.4.0-1ubuntu1~20.04.1' --with-bugurl=file:///usr/share/doc/gcc-9/README.Bugs --enable-languages=c,ada,c++,go,brig,d,fortran,objc,obj-c++,gm2 --prefix=/usr --with-gcc-major-version-only --program-suffix=-9 --program-prefix=x86_64-linux-gnu- --enable-shared --enable-linker-build-id --libexecdir=/usr/lib --without-included-gettext --enable-threads=posix --libdir=/usr/lib --enable-nls --enable-clocale=gnu --enable-libstdcxx-debug --enable-libstdcxx-time=yes --with-default-libstdcxx-abi=new --enable-gnu-unique-object --disable-vtable-verify --enable-plugin --enable-default-pie --with-system-zlib --with-target-system-zlib=auto --enable-objc-gc=auto --enable-multiarch --disable-werror --with-arch-32=i686 --with-abi=m64 --with-multilib-list=m32,m64,mx32 --enable-multilib --with-tune=generic --enable-offload-targets=nvptx-none=/build/gcc-9-Av3uEd/gcc-9-9.4.0/debian/tmp-nvptx/usr,hsa --without-cuda-driver --enable-checking=release --build=x86_64-linux-gnu --host=x86_64-linux-gnu --target=x86_64-linux-gnu
Thread model: posix
gcc version 9.4.0 (Ubuntu 9.4.0-1ubuntu1~20.04.1) 
COLLECT_GCC_OPTIONS='-v' '-o' 'CMakeFiles/cmTC_d5efc.dir/CMakeCXXCompilerABI.cpp.o' '-c' '-shared-libgcc' '-mtune=generic' '-march=x86-64'
 /usr/lib/gcc/x86_64-linux-gnu/9/cc1plus -quiet -v -imultiarch x86_64-linux-gnu -D_GNU_SOURCE /usr/share/cmake-3.16/Modules/CMakeCXXCompilerABI.cpp -quiet -dumpbase CMakeCXXCompilerABI.cpp -mtune=generic -march=x86-64 -auxbase-strip CMakeFiles/cmTC_d5efc.dir/CMakeCXXCompilerABI.cpp.o -version -fasynchronous-unwind-tables -fstack-protector-strong -Wformat -Wformat-security -fstack-clash-protection -fcf-protection -o /tmp/ccyUir69.s
GNU C++14 (Ubuntu 9.4.0-1ubuntu1~20.04.1) version 9.4.0 (x86_64-linux-gnu)
	compiled by GNU C version 9.4.0, GMP version 6.2.0, MPFR version 4.0.2, MPC version 1.1.0, isl version isl-0.22.1-GMP

GGC heuristics: --param ggc-min-expand=100 --param ggc-min-heapsize=131072
ignoring duplicate directory "/usr/include/x86_64-linux-gnu/c++/9"
ignoring nonexistent directory "/usr/local/include/x86_64-linux-gnu"
ignoring nonexistent directory "/usr/lib/gcc/x86_64-linux-gnu/9/include-fixed"
ignoring nonexistent directory "/usr/lib/gcc/x86_64-linux-gnu/9/../../../../x86_64-linux-gnu/include"
#include "..." search starts here:
#include <...> search starts here:
 /usr/include/c++/9
 /usr/include/x86_64-linux-gnu/c++/9
 /usr/include/c++/9/backward
 /usr/lib/gcc/x86_64-linux-gnu/9/include
 /usr/local/include
 /usr/include/x86_64-linux-gnu
 /usr/include
End of search list.
GNU C++14 (Ubuntu 9.4.0-1ubuntu1~20.04.1) version 9.4.0 (x86_64-linux-gnu)
	compiled by GNU C version 9.4.0, GMP version 6.2.0, MPFR version 4.0.2, MPC version 1.1.0, isl version isl-0.22.1-GMP

GGC heuristics: --param ggc-min-expand=100 --param ggc-min-heapsize=131072
Compiler executable checksum: 65fe925b83d3956b533de4aaba7dace0
COLLECT_GCC_OPTIONS='-v' '-o' 'CMakeFiles/cmTC_d5efc.dir/CMakeCXXCompilerABI.cpp.o' '-c' '-shared-libgcc' '-mtune=generic' '-march=x86-64'
 as -v --64 -o CMakeFiles/cmTC_d5efc.dir/CMakeCXXCompilerABI.cpp.o /tmp/ccyUir69.s
GNU assembler version 2.34 (x86_64-linux-gnu) using BFD version (GNU Binutils for Ubuntu) 2.34
COMPILER_PATH=/usr/lib/gcc/x86_64-linux-gnu/9/:/usr/lib/gcc/x86_64-linux-gnu/9/:/usr/lib/gcc/x86_64-linux-gnu/:/usr/lib/gcc/x86_64-linux-gnu/9/:/usr/lib/gcc/x86_64-linux-gnu/
LIBRARY_PATH=/usr/lib/gcc/x86_64-linux-gnu/9/:/usr/lib/gcc/x86_64-linux-gnu/9/../../../x86_64-linux-gnu/:/usr/lib/gcc/x86_64-linux-gnu/9/../../../../lib/:/lib/x86_64-linux-gnu/:/lib/../lib/:/usr/lib/x86_64-linux-gnu/:/usr/lib/../lib/:/usr/lib/gcc/x86_64-linux-gnu/9/../../../:/lib/:/usr/lib/
COLLECT_GCC_OPTIONS='-v' '-o' 'CMakeFiles/cmTC_d5efc.dir/CMakeCXXCompilerABI.cpp.o' '-c' '-shared-libgcc' '-mtune=generic' '-march=x86-64'
Linking CXX executable cmTC_d5efc
/usr/bin/cmake -E cmake_link_script CMakeFiles/cmTC_d5efc.dir/link.txt --verbose=1
/usr/bin/c++      -v -rdynamic CMakeFiles/cmTC_d5efc.dir/CMakeCXXCompilerABI.cpp.o  -o cmTC_d5efc 
Using built-in specs.
COLLECT_GCC=/usr/bin/c++
COLLECT_LTO_WRAPPER=/usr/lib/gcc/x86_64-linux-gnu/9/lto-wrapper
OFFLOAD_TARGET_NAMES=nvptx-none:hsa
OFFLOAD_TARGET_DEFAULT=1
Target: x86_64-linux-gnu
Configured with: ../src/configure -v --with-pkgversion='Ubuntu 9.4.0-1ubuntu1~20.04.1' --with-bugurl=file:///usr/share/doc/gcc-9/README.Bugs --enable-languages=c,ada,c++,go,brig,d,fortran,objc,obj-c++,gm2 --prefix=/usr --with-gcc-major-version-only --program-suffix=-9 --program-prefix=x86_64-linux-gnu- --enable-shared --enable-linker-build-id --libexecdir=/usr/lib --without-included-gettext --enable-threads=posix --libdir=/usr/lib --enable-nls --enable-clocale=gnu --enable-libstdcxx-debug --enable-libstdcxx-time=yes --with-default-libstdcxx-abi=new --enable-gnu-unique-object --disable-vtable-verify --enable-plugin --enable-default-pie --with-system-zlib --with-target-system-zlib=auto --enable-objc-gc=auto --enable-multiarch --disable-werror --with-arch-32=i686 --with-abi=m64 --with-multilib-list=m32,m64,mx32 --enable-multilib --with-tune=generic --enable-offload-targets=nvptx-none=/build/gcc-9-Av3uEd/gcc-9-9.4.0/debian/tmp-nvptx/usr,hsa --without-cuda-driver --enable-checking=release --build=x86_64-linux-gnu --host=x86_64-linux-gnu --target=x86_64-linux-gnu
Thread model: posix
gcc version 9.4.0 (Ubuntu 9.4.0-1ubuntu1~20.04.1) 
COMPILER_PATH=/usr/lib/gcc/x86_64-linux-gnu/9/:/usr/lib/gcc/x86_64-linux-gnu/9/:/usr/lib/gcc/x86_64-linux-gnu/:/usr/lib/gcc/x86_64-linux-gnu/9/:/usr/lib/gcc/x86_64-linux-gnu/
LIBRARY_PATH=/usr/lib/gcc/x86_64-linux-gnu/9/:/usr/lib/gcc/x86_64-linux-gnu/9/../../../x86_64-linux-gnu/:/usr/lib/gcc/x86_64-linux-gnu/9/../../../../lib/:/lib/x86_64-linux-gnu/:/lib/../lib/:/usr/lib/x86_64-linux-gnu/:/usr/lib/../lib/:/usr/lib/gcc/x86_64-linux-gnu/9/../../../:/lib/:/usr/lib/
COLLECT_GCC_OPTIONS='-v' '-rdynamic' '-o' 'cmTC_d5efc' '-shared-libgcc' '-mtune=generic' '-march=x86-64'
 /usr/lib/gcc/x86_64-linux-gnu/9/collect2 -plugin /usr/lib/gcc/x86_64-linux-gnu/9/liblto_plugin.so -plugin-opt=/usr/lib/gcc/x86_64-linux-gnu/9/lto-wrapper -plugin-opt=-fresolution=/tmp/ccrbGsrE.res -plugin-opt=-pass-through=-lgcc_s -plugin-opt=-pass-through=-lgcc -plugin-opt=-pass-through=-lc -plugin-opt=-pass-through=-lgcc_s -plugin-opt=-pass-through=-lgcc --build-id --eh-frame-hdr -m elf_x86_64 --hash-style=gnu --as-needed -export-dynamic -dynamic-linker /lib64/ld-linux-x86-64.so.2 -pie -z now -z relro -o cmTC_d5efc /usr/lib/gcc/x86_64-linux-gnu/9/../../../x86_64-linux-gnu/Scrt1.o /usr/lib/gcc/x86_64-linux-gnu/9/../../../x86_64-linux-gnu/crti.o /usr/lib/gcc/x86_64-linux-gnu/9/crtbeginS.o -L/usr/lib/gcc/x86_64-linux-gnu/9 -L/usr/lib/gcc/x86_64-linux-gnu/9/../../../x86_64-linux-gnu -L/usr/lib/gcc/x86_64-linux-gnu/9/../../../../lib -L/lib/x86_64-linux-gnu -L/lib/../lib -L/usr/lib/x86_64-linux-gnu -L/usr/lib/../lib -L/usr/lib/gcc/x86_64-linux-gnu/9/../../.. CMakeFiles/cmTC_d5efc.dir/CMakeCXXCompilerABI.cpp.o -lstdc++ -lm -lgcc_s -lgcc -lc -lgcc_s -lgcc /usr/lib/gcc/x86_64-linux-gnu/9/crtendS.o /usr/lib/gcc/x86_64-linux-gnu/9/../../../x86_64-linux-gnu/crtn.o
COLLECT_GCC_OPTIONS='-v' '-rdynamic' '-o' 'cmTC_d5efc' '-shared-libgcc' '-mtune=generic' '-march=x86-64'
make[1]: Leaving directory '/home/josyula/git/openrave/build/CMakeFiles/CMakeTmp'



Parsed CXX implicit include dir info from above output: rv=done
  found start of include info
  found start of implicit include info
    add: [/usr/include/c++/9]
    add: [/usr/include/x86_64-linux-gnu/c++/9]
    add: [/usr/include/c++/9/backward]
    add: [/usr/lib/gcc/x86_64-linux-gnu/9/include]
    add: [/usr/local/include]
    add: [/usr/include/x86_64-linux-gnu]
    add: [/usr/include]
  end of search list found
  collapse include dir [/usr/include/c++/9] ==> [/usr/include/c++/9]
  collapse include dir [/usr/include/x86_64-linux-gnu/c++/9] ==> [/usr/include/x86_64-linux-gnu/c++/9]
  collapse include dir [/usr/include/c++/9/backward] ==> [/usr/include/c++/9/backward]
  collapse include dir [/usr/lib/gcc/x86_64-linux-gnu/9/include] ==> [/usr/lib/gcc/x86_64-linux-gnu/9/include]
  collapse include dir [/usr/local/include] ==> [/usr/local/include]
  collapse include dir [/usr/include/x86_64-linux-gnu] ==> [/usr/include/x86_64-linux-gnu]
  collapse include dir [/usr/include] ==> [/usr/include]
  implicit include dirs: [/usr/include/c++/9;/usr/include/x86_64-linux-gnu/c++/9;/usr/include/c++/9/backward;/usr/lib/gcc/x86_64-linux-gnu/9/include;/usr/local/include;/usr/include/x86_64-linux-gnu;/usr/include]


Parsed CXX implicit link information from above output:
  link line regex: [^( *|.*[/\])(ld|CMAKE_LINK_STARTFILE-NOTFOUND|([^/\]+-)?ld|collect2)[^/\]*( |$)]
  ignore line: [Change Dir: /home/josyula/git/openrave/build/CMakeFiles/CMakeTmp]
  ignore line: []
  ignore line: [Run Build Command(s):/usr/bin/make cmTC_d5efc/fast && /usr/bin/make -f CMakeFiles/cmTC_d5efc.dir/build.make CMakeFiles/cmTC_d5efc.dir/build]
  ignore line: [make[1]: Entering directory '/home/josyula/git/openrave/build/CMakeFiles/CMakeTmp']
  ignore line: [Building CXX object CMakeFiles/cmTC_d5efc.dir/CMakeCXXCompilerABI.cpp.o]
  ignore line: [/usr/bin/c++    -v -o CMakeFiles/cmTC_d5efc.dir/CMakeCXXCompilerABI.cpp.o -c /usr/share/cmake-3.16/Modules/CMakeCXXCompilerABI.cpp]
  ignore line: [Using built-in specs.]
  ignore line: [COLLECT_GCC=/usr/bin/c++]
  ignore line: [OFFLOAD_TARGET_NAMES=nvptx-none:hsa]
  ignore line: [OFFLOAD_TARGET_DEFAULT=1]
  ignore line: [Target: x86_64-linux-gnu]
  ignore line: [Configured with: ../src/configure -v --with-pkgversion='Ubuntu 9.4.0-1ubuntu1~20.04.1' --with-bugurl=file:///usr/share/doc/gcc-9/README.Bugs --enable-languages=c ada c++ go brig d fortran objc obj-c++ gm2 --prefix=/usr --with-gcc-major-version-only --program-suffix=-9 --program-prefix=x86_64-linux-gnu- --enable-shared --enable-linker-build-id --libexecdir=/usr/lib --without-included-gettext --enable-threads=posix --libdir=/usr/lib --enable-nls --enable-clocale=gnu --enable-libstdcxx-debug --enable-libstdcxx-time=yes --with-default-libstdcxx-abi=new --enable-gnu-unique-object --disable-vtable-verify --enable-plugin --enable-default-pie --with-system-zlib --with-target-system-zlib=auto --enable-objc-gc=auto --enable-multiarch --disable-werror --with-arch-32=i686 --with-abi=m64 --with-multilib-list=m32 m64 mx32 --enable-multilib --with-tune=generic --enable-offload-targets=nvptx-none=/build/gcc-9-Av3uEd/gcc-9-9.4.0/debian/tmp-nvptx/usr hsa --without-cuda-driver --enable-checking=release --build=x86_64-linux-gnu --host=x86_64-linux-gnu --target=x86_64-linux-gnu]
  ignore line: [Thread model: posix]
  ignore line: [gcc version 9.4.0 (Ubuntu 9.4.0-1ubuntu1~20.04.1) ]
  ignore line: [COLLECT_GCC_OPTIONS='-v' '-o' 'CMakeFiles/cmTC_d5efc.dir/CMakeCXXCompilerABI.cpp.o' '-c' '-shared-libgcc' '-mtune=generic' '-march=x86-64']
  ignore line: [ /usr/lib/gcc/x86_64-linux-gnu/9/cc1plus -quiet -v -imultiarch x86_64-linux-gnu -D_GNU_SOURCE /usr/share/cmake-3.16/Modules/CMakeCXXCompilerABI.cpp -quiet -dumpbase CMakeCXXCompilerABI.cpp -mtune=generic -march=x86-64 -auxbase-strip CMakeFiles/cmTC_d5efc.dir/CMakeCXXCompilerABI.cpp.o -version -fasynchronous-unwind-tables -fstack-protector-strong -Wformat -Wformat-security -fstack-clash-protection -fcf-protection -o /tmp/ccyUir69.s]
  ignore line: [GNU C++14 (Ubuntu 9.4.0-1ubuntu1~20.04.1) version 9.4.0 (x86_64-linux-gnu)]
  ignore line: [	compiled by GNU C version 9.4.0  GMP version 6.2.0  MPFR version 4.0.2  MPC version 1.1.0  isl version isl-0.22.1-GMP]
  ignore line: []
  ignore line: [GGC heuristics: --param ggc-min-expand=100 --param ggc-min-heapsize=131072]
  ignore line: [ignoring duplicate directory "/usr/include/x86_64-linux-gnu/c++/9"]
  ignore line: [ignoring nonexistent directory "/usr/local/include/x86_64-linux-gnu"]
  ignore line: [ignoring nonexistent directory "/usr/lib/gcc/x86_64-linux-gnu/9/include-fixed"]
  ignore line: [ignoring nonexistent directory "/usr/lib/gcc/x86_64-linux-gnu/9/../../../../x86_64-linux-gnu/include"]
  ignore line: [#include "..." search starts here:]
  ignore line: [#include <...> search starts here:]
  ignore line: [ /usr/include/c++/9]
  ignore line: [ /usr/include/x86_64-linux-gnu/c++/9]
  ignore line: [ /usr/include/c++/9/backward]
  ignore line: [ /usr/lib/gcc/x86_64-linux-gnu/9/include]
  ignore line: [ /usr/local/include]
  ignore line: [ /usr/include/x86_64-linux-gnu]
  ignore line: [ /usr/include]
  ignore line: [End of search list.]
  ignore line: [GNU C++14 (Ubuntu 9.4.0-1ubuntu1~20.04.1) version 9.4.0 (x86_64-linux-gnu)]
  ignore line: [	compiled by GNU C version 9.4.0  GMP version 6.2.0  MPFR version 4.0.2  MPC version 1.1.0  isl version isl-0.22.1-GMP]
  ignore line: []
  ignore line: [GGC heuristics: --param ggc-min-expand=100 --param ggc-min-heapsize=131072]
  ignore line: [Compiler executable checksum: 65fe925b83d3956b533de4aaba7dace0]
  ignore line: [COLLECT_GCC_OPTIONS='-v' '-o' 'CMakeFiles/cmTC_d5efc.dir/CMakeCXXCompilerABI.cpp.o' '-c' '-shared-libgcc' '-mtune=generic' '-march=x86-64']
  ignore line: [ as -v --64 -o CMakeFiles/cmTC_d5efc.dir/CMakeCXXCompilerABI.cpp.o /tmp/ccyUir69.s]
  ignore line: [GNU assembler version 2.34 (x86_64-linux-gnu) using BFD version (GNU Binutils for Ubuntu) 2.34]
  ignore line: [COMPILER_PATH=/usr/lib/gcc/x86_64-linux-gnu/9/:/usr/lib/gcc/x86_64-linux-gnu/9/:/usr/lib/gcc/x86_64-linux-gnu/:/usr/lib/gcc/x86_64-linux-gnu/9/:/usr/lib/gcc/x86_64-linux-gnu/]
  ignore line: [LIBRARY_PATH=/usr/lib/gcc/x86_64-linux-gnu/9/:/usr/lib/gcc/x86_64-linux-gnu/9/../../../x86_64-linux-gnu/:/usr/lib/gcc/x86_64-linux-gnu/9/../../../../lib/:/lib/x86_64-linux-gnu/:/lib/../lib/:/usr/lib/x86_64-linux-gnu/:/usr/lib/../lib/:/usr/lib/gcc/x86_64-linux-gnu/9/../../../:/lib/:/usr/lib/]
  ignore line: [COLLECT_GCC_OPTIONS='-v' '-o' 'CMakeFiles/cmTC_d5efc.dir/CMakeCXXCompilerABI.cpp.o' '-c' '-shared-libgcc' '-mtune=generic' '-march=x86-64']
  ignore line: [Linking CXX executable cmTC_d5efc]
  ignore line: [/usr/bin/cmake -E cmake_link_script CMakeFiles/cmTC_d5efc.dir/link.txt --verbose=1]
  ignore line: [/usr/bin/c++      -v -rdynamic CMakeFiles/cmTC_d5efc.dir/CMakeCXXCompilerABI.cpp.o  -o cmTC_d5efc ]
  ignore line: [Using built-in specs.]
  ignore line: [COLLECT_GCC=/usr/bin/c++]
  ignore line: [COLLECT_LTO_WRAPPER=/usr/lib/gcc/x86_64-linux-gnu/9/lto-wrapper]
  ignore line: [OFFLOAD_TARGET_NAMES=nvptx-none:hsa]
  ignore line: [OFFLOAD_TARGET_DEFAULT=1]
  ignore line: [Target: x86_64-linux-gnu]
  ignore line: [Configured with: ../src/configure -v --with-pkgversion='Ubuntu 9.4.0-1ubuntu1~20.04.1' --with-bugurl=file:///usr/share/doc/gcc-9/README.Bugs --enable-languages=c ada c++ go brig d fortran objc obj-c++ gm2 --prefix=/usr --with-gcc-major-version-only --program-suffix=-9 --program-prefix=x86_64-linux-gnu- --enable-shared --enable-linker-build-id --libexecdir=/usr/lib --without-included-gettext --enable-threads=posix --libdir=/usr/lib --enable-nls --enable-clocale=gnu --enable-libstdcxx-debug --enable-libstdcxx-time=yes --with-default-libstdcxx-abi=new --enable-gnu-unique-object --disable-vtable-verify --enable-plugin --enable-default-pie --with-system-zlib --with-target-system-zlib=auto --enable-objc-gc=auto --enable-multiarch --disable-werror --with-arch-32=i686 --with-abi=m64 --with-multilib-list=m32 m64 mx32 --enable-multilib --with-tune=generic --enable-offload-targets=nvptx-none=/build/gcc-9-Av3uEd/gcc-9-9.4.0/debian/tmp-nvptx/usr hsa --without-cuda-driver --enable-checking=release --build=x86_64-linux-gnu --host=x86_64-linux-gnu --target=x86_64-linux-gnu]
  ignore line: [Thread model: posix]
  ignore line: [gcc version 9.4.0 (Ubuntu 9.4.0-1ubuntu1~20.04.1) ]
  ignore line: [COMPILER_PATH=/usr/lib/gcc/x86_64-linux-gnu/9/:/usr/lib/gcc/x86_64-linux-gnu/9/:/usr/lib/gcc/x86_64-linux-gnu/:/usr/lib/gcc/x86_64-linux-gnu/9/:/usr/lib/gcc/x86_64-linux-gnu/]
  ignore line: [LIBRARY_PATH=/usr/lib/gcc/x86_64-linux-gnu/9/:/usr/lib/gcc/x86_64-linux-gnu/9/../../../x86_64-linux-gnu/:/usr/lib/gcc/x86_64-linux-gnu/9/../../../../lib/:/lib/x86_64-linux-gnu/:/lib/../lib/:/usr/lib/x86_64-linux-gnu/:/usr/lib/../lib/:/usr/lib/gcc/x86_64-linux-gnu/9/../../../:/lib/:/usr/lib/]
  ignore line: [COLLECT_GCC_OPTIONS='-v' '-rdynamic' '-o' 'cmTC_d5efc' '-shared-libgcc' '-mtune=generic' '-march=x86-64']
  link line: [ /usr/lib/gcc/x86_64-linux-gnu/9/collect2 -plugin /usr/lib/gcc/x86_64-linux-gnu/9/liblto_plugin.so -plugin-opt=/usr/lib/gcc/x86_64-linux-gnu/9/lto-wrapper -plugin-opt=-fresolution=/tmp/ccrbGsrE.res -plugin-opt=-pass-through=-lgcc_s -plugin-opt=-pass-through=-lgcc -plugin-opt=-pass-through=-lc -plugin-opt=-pass-through=-lgcc_s -plugin-opt=-pass-through=-lgcc --build-id --eh-frame-hdr -m elf_x86_64 --hash-style=gnu --as-needed -export-dynamic -dynamic-linker /lib64/ld-linux-x86-64.so.2 -pie -z now -z relro -o cmTC_d5efc /usr/lib/gcc/x86_64-linux-gnu/9/../../../x86_64-linux-gnu/Scrt1.o /usr/lib/gcc/x86_64-linux-gnu/9/../../../x86_64-linux-gnu/crti.o /usr/lib/gcc/x86_64-linux-gnu/9/crtbeginS.o -L/usr/lib/gcc/x86_64-linux-gnu/9 -L/usr/lib/gcc/x86_64-linux-gnu/9/../../../x86_64-linux-gnu -L/usr/lib/gcc/x86_64-linux-gnu/9/../../../../lib -L/lib/x86_64-linux-gnu -L/lib/../lib -L/usr/lib/x86_64-linux-gnu -L/usr/lib/../lib -L/usr/lib/gcc/x86_64-linux-gnu/9/../../.. CMakeFiles/cmTC_d5efc.dir/CMakeCXXCompilerABI.cpp.o -lstdc++ -lm -lgcc_s -lgcc -lc -lgcc_s -lgcc /usr/lib/gcc/x86_64-linux-gnu/9/crtendS.o /usr/lib/gcc/x86_64-linux-gnu/9/../../../x86_64-linux-gnu/crtn.o]
    arg [/usr/lib/gcc/x86_64-linux-gnu/9/collect2] ==> ignore
    arg [-plugin] ==> ignore
    arg [/usr/lib/gcc/x86_64-linux-gnu/9/liblto_plugin.so] ==> ignore
    arg [-plugin-opt=/usr/lib/gcc/x86_64-linux-gnu/9/lto-wrapper] ==> ignore
    arg [-plugin-opt=-fresolution=/tmp/ccrbGsrE.res] ==> ignore
    arg [-plugin-opt=-pass-through=-lgcc_s] ==> ignore
    arg [-plugin-opt=-pass-through=-lgcc] ==> ignore
    arg [-plugin-opt=-pass-through=-lc] ==> ignore
    arg [-plugin-opt=-pass-through=-lgcc_s] ==> ignore
    arg [-plugin-opt=-pass-through=-lgcc] ==> ignore
    arg [--build-id] ==> ignore
    arg [--eh-frame-hdr] ==> ignore
    arg [-m] ==> ignore
    arg [elf_x86_64] ==> ignore
    arg [--hash-style=gnu] ==> ignore
    arg [--as-needed] ==> ignore
    arg [-export-dynamic] ==> ignore
    arg [-dynamic-linker] ==> ignore
    arg [/lib64/ld-linux-x86-64.so.2] ==> ignore
    arg [-pie] ==> ignore
    arg [-znow] ==> ignore
    arg [-zrelro] ==> ignore
    arg [-o] ==> ignore
    arg [cmTC_d5efc] ==> ignore
    arg [/usr/lib/gcc/x86_64-linux-gnu/9/../../../x86_64-linux-gnu/Scrt1.o] ==> ignore
    arg [/usr/lib/gcc/x86_64-linux-gnu/9/../../../x86_64-linux-gnu/crti.o] ==> ignore
    arg [/usr/lib/gcc/x86_64-linux-gnu/9/crtbeginS.o] ==> ignore
    arg [-L/usr/lib/gcc/x86_64-linux-gnu/9] ==> dir [/usr/lib/gcc/x86_64-linux-gnu/9]
    arg [-L/usr/lib/gcc/x86_64-linux-gnu/9/../../../x86_64-linux-gnu] ==> dir [/usr/lib/gcc/x86_64-linux-gnu/9/../../../x86_64-linux-gnu]
    arg [-L/usr/lib/gcc/x86_64-linux-gnu/9/../../../../lib] ==> dir [/usr/lib/gcc/x86_64-linux-gnu/9/../../../../lib]
    arg [-L/lib/x86_64-linux-gnu] ==> dir [/lib/x86_64-linux-gnu]
    arg [-L/lib/../lib] ==> dir [/lib/../lib]
    arg [-L/usr/lib/x86_64-linux-gnu] ==> dir [/usr/lib/x86_64-linux-gnu]
    arg [-L/usr/lib/../lib] ==> dir [/usr/lib/../lib]
    arg [-L/usr/lib/gcc/x86_64-linux-gnu/9/../../..] ==> dir [/usr/lib/gcc/x86_64-linux-gnu/9/../../..]
    arg [CMakeFiles/cmTC_d5efc.dir/CMakeCXXCompilerABI.cpp.o] ==> ignore
    arg [-lstdc++] ==> lib [stdc++]
    arg [-lm] ==> lib [m]
    arg [-lgcc_s] ==> lib [gcc_s]
    arg [-lgcc] ==> lib [gcc]
    arg [-lc] ==> lib [c]
    arg [-lgcc_s] ==> lib [gcc_s]
    arg [-lgcc] ==> lib [gcc]
    arg [/usr/lib/gcc/x86_64-linux-gnu/9/crtendS.o] ==> ignore
    arg [/usr/lib/gcc/x86_64-linux-gnu/9/../../../x86_64-linux-gnu/crtn.o] ==> ignore
  collapse library dir [/usr/lib/gcc/x86_64-linux-gnu/9] ==> [/usr/lib/gcc/x86_64-linux-gnu/9]
  collapse library dir [/usr/lib/gcc/x86_64-linux-gnu/9/../../../x86_64-linux-gnu] ==> [/usr/lib/x86_64-linux-gnu]
  collapse library dir [/usr/lib/gcc/x86_64-linux-gnu/9/../../../../lib] ==> [/usr/lib]
  collapse library dir [/lib/x86_64-linux-gnu] ==> [/lib/x86_64-linux-gnu]
  collapse library dir [/lib/../lib] ==> [/lib]
  collapse library dir [/usr/lib/x86_64-linux-gnu] ==> [/usr/lib/x86_64-linux-gnu]
  collapse library dir [/usr/lib/../lib] ==> [/usr/lib]
  collapse library dir [/usr/lib/gcc/x86_64-linux-gnu/9/../../..] ==> [/usr/lib]
  implicit libs: [stdc++;m;gcc_s;gcc;c;gcc_s;gcc]
  implicit dirs: [/usr/lib/gcc/x86_64-linux-gnu/9;/usr/lib/x86_64-linux-gnu;/usr/lib;/lib/x86_64-linux-gnu;/lib]
  implicit fwks: []


Performing C++ SOURCE FILE Test LINKER_HAS_RDYNAMIC succeeded with the following output:
Change Dir: /home/josyula/git/openrave/build/CMakeFiles/CMakeTmp

Run Build Command(s):/usr/bin/make cmTC_b96e8/fast && /usr/bin/make -f CMakeFiles/cmTC_b96e8.dir/build.make CMakeFiles/cmTC_b96e8.dir/build
make[1]: Entering directory '/home/josyula/git/openrave/build/CMakeFiles/CMakeTmp'
Building CXX object CMakeFiles/cmTC_b96e8.dir/src.cxx.o
/usr/bin/c++    -DLINKER_HAS_RDYNAMIC -O3 -DNDEBUG   -rdynamic -o CMakeFiles/cmTC_b96e8.dir/src.cxx.o -c /home/josyula/git/openrave/build/CMakeFiles/CMakeTmp/src.cxx
Linking CXX executable cmTC_b96e8
/usr/bin/cmake -E cmake_link_script CMakeFiles/cmTC_b96e8.dir/link.txt --verbose=1
/usr/bin/c++   -DLINKER_HAS_RDYNAMIC -O3 -DNDEBUG    -rdynamic CMakeFiles/cmTC_b96e8.dir/src.cxx.o  -o cmTC_b96e8 
make[1]: Leaving directory '/home/josyula/git/openrave/build/CMakeFiles/CMakeTmp'


Source file was:
int main() { return 0;}
Performing C++ SOURCE FILE Test LINKER_HAS_BSYMBOLIC succeeded with the following output:
Change Dir: /home/josyula/git/openrave/build/CMakeFiles/CMakeTmp

Run Build Command(s):/usr/bin/make cmTC_1ca80/fast && /usr/bin/make -f CMakeFiles/cmTC_1ca80.dir/build.make CMakeFiles/cmTC_1ca80.dir/build
make[1]: Entering directory '/home/josyula/git/openrave/build/CMakeFiles/CMakeTmp'
Building CXX object CMakeFiles/cmTC_1ca80.dir/src.cxx.o
/usr/bin/c++    -DLINKER_HAS_BSYMBOLIC -O3 -DNDEBUG   -Bsymbolic -o CMakeFiles/cmTC_1ca80.dir/src.cxx.o -c /home/josyula/git/openrave/build/CMakeFiles/CMakeTmp/src.cxx
Linking CXX executable cmTC_1ca80
/usr/bin/cmake -E cmake_link_script CMakeFiles/cmTC_1ca80.dir/link.txt --verbose=1
/usr/bin/c++   -DLINKER_HAS_BSYMBOLIC -O3 -DNDEBUG    -rdynamic CMakeFiles/cmTC_1ca80.dir/src.cxx.o  -o cmTC_1ca80 
make[1]: Leaving directory '/home/josyula/git/openrave/build/CMakeFiles/CMakeTmp'


Source file was:
int main() { return 0;}
Performing C++ SOURCE FILE Test LINKER_HAS_BSYMBOLIC_FUNCTIONS succeeded with the following output:
Change Dir: /home/josyula/git/openrave/build/CMakeFiles/CMakeTmp

Run Build Command(s):/usr/bin/make cmTC_e1424/fast && /usr/bin/make -f CMakeFiles/cmTC_e1424.dir/build.make CMakeFiles/cmTC_e1424.dir/build
make[1]: Entering directory '/home/josyula/git/openrave/build/CMakeFiles/CMakeTmp'
Building CXX object CMakeFiles/cmTC_e1424.dir/src.cxx.o
/usr/bin/c++    -DLINKER_HAS_BSYMBOLIC_FUNCTIONS -O3 -DNDEBUG   -Bsymbolic-functions -o CMakeFiles/cmTC_e1424.dir/src.cxx.o -c /home/josyula/git/openrave/build/CMakeFiles/CMakeTmp/src.cxx
Linking CXX executable cmTC_e1424
/usr/bin/cmake -E cmake_link_script CMakeFiles/cmTC_e1424.dir/link.txt --verbose=1
/usr/bin/c++   -DLINKER_HAS_BSYMBOLIC_FUNCTIONS -O3 -DNDEBUG    -rdynamic CMakeFiles/cmTC_e1424.dir/src.cxx.o  -o cmTC_e1424 
make[1]: Leaving directory '/home/josyula/git/openrave/build/CMakeFiles/CMakeTmp'


Source file was:
int main() { return 0;}
Performing C++ SOURCE FILE Test LINKER_HAS_VISIBILITY succeeded with the following output:
Change Dir: /home/josyula/git/openrave/build/CMakeFiles/CMakeTmp

Run Build Command(s):/usr/bin/make cmTC_34391/fast && /usr/bin/make -f CMakeFiles/cmTC_34391.dir/build.make CMakeFiles/cmTC_34391.dir/build
make[1]: Entering directory '/home/josyula/git/openrave/build/CMakeFiles/CMakeTmp'
Building CXX object CMakeFiles/cmTC_34391.dir/src.cxx.o
/usr/bin/c++    -DLINKER_HAS_VISIBILITY -O3 -DNDEBUG   -fvisibility=hidden -o CMakeFiles/cmTC_34391.dir/src.cxx.o -c /home/josyula/git/openrave/build/CMakeFiles/CMakeTmp/src.cxx
Linking CXX executable cmTC_34391
/usr/bin/cmake -E cmake_link_script CMakeFiles/cmTC_34391.dir/link.txt --verbose=1
/usr/bin/c++   -DLINKER_HAS_VISIBILITY -O3 -DNDEBUG    -rdynamic CMakeFiles/cmTC_34391.dir/src.cxx.o  -o cmTC_34391 
make[1]: Leaving directory '/home/josyula/git/openrave/build/CMakeFiles/CMakeTmp'


Source file was:
int main() { return 0;}
Performing C++ SOURCE FILE Test LINKER_HAS_VISIBILITY_INLINES_HIDDEN succeeded with the following output:
Change Dir: /home/josyula/git/openrave/build/CMakeFiles/CMakeTmp

Run Build Command(s):/usr/bin/make cmTC_183ff/fast && /usr/bin/make -f CMakeFiles/cmTC_183ff.dir/build.make CMakeFiles/cmTC_183ff.dir/build
make[1]: Entering directory '/home/josyula/git/openrave/build/CMakeFiles/CMakeTmp'
Building CXX object CMakeFiles/cmTC_183ff.dir/src.cxx.o
/usr/bin/c++    -DLINKER_HAS_VISIBILITY_INLINES_HIDDEN -O3 -DNDEBUG   -fvisibility-inlines-hidden -o CMakeFiles/cmTC_183ff.dir/src.cxx.o -c /home/josyula/git/openrave/build/CMakeFiles/CMakeTmp/src.cxx
Linking CXX executable cmTC_183ff
/usr/bin/cmake -E cmake_link_script CMakeFiles/cmTC_183ff.dir/link.txt --verbose=1
/usr/bin/c++   -DLINKER_HAS_VISIBILITY_INLINES_HIDDEN -O3 -DNDEBUG    -rdynamic CMakeFiles/cmTC_183ff.dir/src.cxx.o  -o cmTC_183ff 
make[1]: Leaving directory '/home/josyula/git/openrave/build/CMakeFiles/CMakeTmp'


Source file was:
int main() { return 0;}
Determining if the include file pthread.h exists passed with the following output:
Change Dir: /home/josyula/git/openrave/build/CMakeFiles/CMakeTmp

Run Build Command(s):/usr/bin/make cmTC_dd346/fast && /usr/bin/make -f CMakeFiles/cmTC_dd346.dir/build.make CMakeFiles/cmTC_dd346.dir/build
make[1]: Entering directory '/home/josyula/git/openrave/build/CMakeFiles/CMakeTmp'
Building C object CMakeFiles/cmTC_dd346.dir/CheckIncludeFile.c.o
/usr/bin/cc   -O3 -DNDEBUG   -o CMakeFiles/cmTC_dd346.dir/CheckIncludeFile.c.o   -c /home/josyula/git/openrave/build/CMakeFiles/CMakeTmp/CheckIncludeFile.c
Linking C executable cmTC_dd346
/usr/bin/cmake -E cmake_link_script CMakeFiles/cmTC_dd346.dir/link.txt --verbose=1
/usr/bin/cc   -O3 -DNDEBUG    -rdynamic CMakeFiles/cmTC_dd346.dir/CheckIncludeFile.c.o  -o cmTC_dd346 
make[1]: Leaving directory '/home/josyula/git/openrave/build/CMakeFiles/CMakeTmp'



Determining if the function pthread_create exists in the pthread passed with the following output:
Change Dir: /home/josyula/git/openrave/build/CMakeFiles/CMakeTmp

Run Build Command(s):/usr/bin/make cmTC_17e26/fast && /usr/bin/make -f CMakeFiles/cmTC_17e26.dir/build.make CMakeFiles/cmTC_17e26.dir/build
make[1]: Entering directory '/home/josyula/git/openrave/build/CMakeFiles/CMakeTmp'
Building C object CMakeFiles/cmTC_17e26.dir/CheckFunctionExists.c.o
/usr/bin/cc   -DCHECK_FUNCTION_EXISTS=pthread_create -O3 -DNDEBUG   -o CMakeFiles/cmTC_17e26.dir/CheckFunctionExists.c.o   -c /usr/share/cmake-3.16/Modules/CheckFunctionExists.c
Linking C executable cmTC_17e26
/usr/bin/cmake -E cmake_link_script CMakeFiles/cmTC_17e26.dir/link.txt --verbose=1
/usr/bin/cc  -DCHECK_FUNCTION_EXISTS=pthread_create -O3 -DNDEBUG    -rdynamic CMakeFiles/cmTC_17e26.dir/CheckFunctionExists.c.o  -o cmTC_17e26  -lpthread 
make[1]: Leaving directory '/home/josyula/git/openrave/build/CMakeFiles/CMakeTmp'



Determining if the function mpfr_div_d exists in the /usr/lib/x86_64-linux-gnu/libmpfr.so passed with the following output:
Change Dir: /home/josyula/git/openrave/build/CMakeFiles/CMakeTmp

Run Build Command(s):/usr/bin/make cmTC_0aaec/fast && /usr/bin/make -f CMakeFiles/cmTC_0aaec.dir/build.make CMakeFiles/cmTC_0aaec.dir/build
make[1]: Entering directory '/home/josyula/git/openrave/build/CMakeFiles/CMakeTmp'
Building C object CMakeFiles/cmTC_0aaec.dir/CheckFunctionExists.c.o
/usr/bin/cc   -DCHECK_FUNCTION_EXISTS=mpfr_div_d -O3 -DNDEBUG   -o CMakeFiles/cmTC_0aaec.dir/CheckFunctionExists.c.o   -c /usr/share/cmake-3.16/Modules/CheckFunctionExists.c
Linking C executable cmTC_0aaec
/usr/bin/cmake -E cmake_link_script CMakeFiles/cmTC_0aaec.dir/link.txt --verbose=1
/usr/bin/cc  -DCHECK_FUNCTION_EXISTS=mpfr_div_d -O3 -DNDEBUG    -rdynamic CMakeFiles/cmTC_0aaec.dir/CheckFunctionExists.c.o  -o cmTC_0aaec  /usr/lib/x86_64-linux-gnu/libmpfr.so 
make[1]: Leaving directory '/home/josyula/git/openrave/build/CMakeFiles/CMakeTmp'



Determining if the include file fpu_control.h exists passed with the following output:
Change Dir: /home/josyula/git/openrave/build/CMakeFiles/CMakeTmp

Run Build Command(s):/usr/bin/make cmTC_fd828/fast && /usr/bin/make -f CMakeFiles/cmTC_fd828.dir/build.make CMakeFiles/cmTC_fd828.dir/build
make[1]: Entering directory '/home/josyula/git/openrave/build/CMakeFiles/CMakeTmp'
Building C object CMakeFiles/cmTC_fd828.dir/CheckIncludeFile.c.o
/usr/bin/cc   -O3 -DNDEBUG   -o CMakeFiles/cmTC_fd828.dir/CheckIncludeFile.c.o   -c /home/josyula/git/openrave/build/CMakeFiles/CMakeTmp/CheckIncludeFile.c
Linking C executable cmTC_fd828
/usr/bin/cmake -E cmake_link_script CMakeFiles/cmTC_fd828.dir/link.txt --verbose=1
/usr/bin/cc   -O3 -DNDEBUG    -rdynamic CMakeFiles/cmTC_fd828.dir/CheckIncludeFile.c.o  -o cmTC_fd828 
make[1]: Leaving directory '/home/josyula/git/openrave/build/CMakeFiles/CMakeTmp'



Determining if the include file fenv.h exists passed with the following output:
Change Dir: /home/josyula/git/openrave/build/CMakeFiles/CMakeTmp

Run Build Command(s):/usr/bin/make cmTC_adc17/fast && /usr/bin/make -f CMakeFiles/cmTC_adc17.dir/build.make CMakeFiles/cmTC_adc17.dir/build
make[1]: Entering directory '/home/josyula/git/openrave/build/CMakeFiles/CMakeTmp'
Building C object CMakeFiles/cmTC_adc17.dir/CheckIncludeFile.c.o
/usr/bin/cc   -O3 -DNDEBUG   -o CMakeFiles/cmTC_adc17.dir/CheckIncludeFile.c.o   -c /home/josyula/git/openrave/build/CMakeFiles/CMakeTmp/CheckIncludeFile.c
Linking C executable cmTC_adc17
/usr/bin/cmake -E cmake_link_script CMakeFiles/cmTC_adc17.dir/link.txt --verbose=1
/usr/bin/cc   -O3 -DNDEBUG    -rdynamic CMakeFiles/cmTC_adc17.dir/CheckIncludeFile.c.o  -o cmTC_adc17 
make[1]: Leaving directory '/home/josyula/git/openrave/build/CMakeFiles/CMakeTmp'



Determining if the include file inttypes.h exists passed with the following output:
Change Dir: /home/josyula/git/openrave/build/CMakeFiles/CMakeTmp

Run Build Command(s):/usr/bin/make cmTC_f473d/fast && /usr/bin/make -f CMakeFiles/cmTC_f473d.dir/build.make CMakeFiles/cmTC_f473d.dir/build
make[1]: Entering directory '/home/josyula/git/openrave/build/CMakeFiles/CMakeTmp'
Building C object CMakeFiles/cmTC_f473d.dir/CheckIncludeFile.c.o
/usr/bin/cc   -O3 -DNDEBUG   -o CMakeFiles/cmTC_f473d.dir/CheckIncludeFile.c.o   -c /home/josyula/git/openrave/build/CMakeFiles/CMakeTmp/CheckIncludeFile.c
Linking C executable cmTC_f473d
/usr/bin/cmake -E cmake_link_script CMakeFiles/cmTC_f473d.dir/link.txt --verbose=1
/usr/bin/cc   -O3 -DNDEBUG    -rdynamic CMakeFiles/cmTC_f473d.dir/CheckIncludeFile.c.o  -o cmTC_f473d 
make[1]: Leaving directory '/home/josyula/git/openrave/build/CMakeFiles/CMakeTmp'



Determining size of long double passed with the following output:
Change Dir: /home/josyula/git/openrave/build/CMakeFiles/CMakeTmp

Run Build Command(s):/usr/bin/make cmTC_2b20f/fast && /usr/bin/make -f CMakeFiles/cmTC_2b20f.dir/build.make CMakeFiles/cmTC_2b20f.dir/build
make[1]: Entering directory '/home/josyula/git/openrave/build/CMakeFiles/CMakeTmp'
Building C object CMakeFiles/cmTC_2b20f.dir/LONG_DOUBLE.c.o
/usr/bin/cc   -O3 -DNDEBUG   -o CMakeFiles/cmTC_2b20f.dir/LONG_DOUBLE.c.o   -c /home/josyula/git/openrave/build/CMakeFiles/CheckTypeSize/LONG_DOUBLE.c
Linking C executable cmTC_2b20f
/usr/bin/cmake -E cmake_link_script CMakeFiles/cmTC_2b20f.dir/link.txt --verbose=1
/usr/bin/cc   -O3 -DNDEBUG    -rdynamic CMakeFiles/cmTC_2b20f.dir/LONG_DOUBLE.c.o  -o cmTC_2b20f 
make[1]: Leaving directory '/home/josyula/git/openrave/build/CMakeFiles/CMakeTmp'



Performing C++ SOURCE FILE Test IS_X86_64 succeded with the following output:
Change Dir: /home/josyula/git/openrave/build/CMakeFiles/CMakeTmp

Run Build Command(s):/usr/bin/make cmTC_34462/fast && /usr/bin/make -f CMakeFiles/cmTC_34462.dir/build.make CMakeFiles/cmTC_34462.dir/build
make[1]: Entering directory '/home/josyula/git/openrave/build/CMakeFiles/CMakeTmp'
Building CXX object CMakeFiles/cmTC_34462.dir/src.cxx.o
/usr/bin/c++    -DIS_X86_64 -O3 -DNDEBUG   -o CMakeFiles/cmTC_34462.dir/src.cxx.o -c /home/josyula/git/openrave/build/CMakeFiles/CMakeTmp/src.cxx
Linking CXX executable cmTC_34462
/usr/bin/cmake -E cmake_link_script CMakeFiles/cmTC_34462.dir/link.txt --verbose=1
/usr/bin/c++   -DIS_X86_64 -O3 -DNDEBUG    -rdynamic CMakeFiles/cmTC_34462.dir/src.cxx.o  -o cmTC_34462 
make[1]: Leaving directory '/home/josyula/git/openrave/build/CMakeFiles/CMakeTmp'


Return value: 1
Source file was:

  int main()
  {
    int a = 0;
    int*pa = &a;
    asm(".intel_syntax\n"
	"mov %%rax, %0\n"
    "mov %%eax, [%%rax]\n"
    ".att_syntax\n"
    : : "r"(pa) : "%rax");
    return 0;
  }
Determining if the function clock_gettime exists in the rt passed with the following output:
Change Dir: /home/josyula/git/openrave/build/CMakeFiles/CMakeTmp

Run Build Command(s):/usr/bin/make cmTC_102d8/fast && /usr/bin/make -f CMakeFiles/cmTC_102d8.dir/build.make CMakeFiles/cmTC_102d8.dir/build
make[1]: Entering directory '/home/josyula/git/openrave/build/CMakeFiles/CMakeTmp'
Building C object CMakeFiles/cmTC_102d8.dir/CheckFunctionExists.c.o
/usr/bin/cc   -DCHECK_FUNCTION_EXISTS=clock_gettime -O3 -DNDEBUG   -o CMakeFiles/cmTC_102d8.dir/CheckFunctionExists.c.o   -c /usr/share/cmake-3.16/Modules/CheckFunctionExists.c
Linking C executable cmTC_102d8
/usr/bin/cmake -E cmake_link_script CMakeFiles/cmTC_102d8.dir/link.txt --verbose=1
/usr/bin/cc  -DCHECK_FUNCTION_EXISTS=clock_gettime -O3 -DNDEBUG    -rdynamic CMakeFiles/cmTC_102d8.dir/CheckFunctionExists.c.o  -o cmTC_102d8  -lrt 
make[1]: Leaving directory '/home/josyula/git/openrave/build/CMakeFiles/CMakeTmp'



Determining if the include file pcrecpp.h exists passed with the following output:
Change Dir: /home/josyula/git/openrave/build/CMakeFiles/CMakeTmp

Run Build Command(s):/usr/bin/make cmTC_c9df3/fast && /usr/bin/make -f CMakeFiles/cmTC_c9df3.dir/build.make CMakeFiles/cmTC_c9df3.dir/build
make[1]: Entering directory '/home/josyula/git/openrave/build/CMakeFiles/CMakeTmp'
Building CXX object CMakeFiles/cmTC_c9df3.dir/CheckIncludeFile.cxx.o
/usr/bin/c++    -O3 -DNDEBUG   -o CMakeFiles/cmTC_c9df3.dir/CheckIncludeFile.cxx.o -c /home/josyula/git/openrave/build/CMakeFiles/CMakeTmp/CheckIncludeFile.cxx
Linking CXX executable cmTC_c9df3
/usr/bin/cmake -E cmake_link_script CMakeFiles/cmTC_c9df3.dir/link.txt --verbose=1
/usr/bin/c++    -O3 -DNDEBUG    -rdynamic CMakeFiles/cmTC_c9df3.dir/CheckIncludeFile.cxx.o  -o cmTC_c9df3 
make[1]: Leaving directory '/home/josyula/git/openrave/build/CMakeFiles/CMakeTmp'



Determining if the function qh_new_qhull exists in the qhull_r passed with the following output:
Change Dir: /home/josyula/git/openrave/build/CMakeFiles/CMakeTmp

Run Build Command(s):/usr/bin/make cmTC_d0a1f/fast && /usr/bin/make -f CMakeFiles/cmTC_d0a1f.dir/build.make CMakeFiles/cmTC_d0a1f.dir/build
make[1]: Entering directory '/home/josyula/git/openrave/build/CMakeFiles/CMakeTmp'
Building C object CMakeFiles/cmTC_d0a1f.dir/CheckFunctionExists.c.o
/usr/bin/cc   -DCHECK_FUNCTION_EXISTS=qh_new_qhull -O3 -DNDEBUG   -o CMakeFiles/cmTC_d0a1f.dir/CheckFunctionExists.c.o   -c /usr/share/cmake-3.16/Modules/CheckFunctionExists.c
Linking C executable cmTC_d0a1f
/usr/bin/cmake -E cmake_link_script CMakeFiles/cmTC_d0a1f.dir/link.txt --verbose=1
/usr/bin/cc  -DCHECK_FUNCTION_EXISTS=qh_new_qhull -O3 -DNDEBUG    -rdynamic CMakeFiles/cmTC_d0a1f.dir/CheckFunctionExists.c.o  -o cmTC_d0a1f  -lqhull_r 
make[1]: Leaving directory '/home/josyula/git/openrave/build/CMakeFiles/CMakeTmp'



Determining if the include file libqhull_r/libqhull_r.h exists passed with the following output:
Change Dir: /home/josyula/git/openrave/build/CMakeFiles/CMakeTmp

Run Build Command(s):/usr/bin/make cmTC_3e6b7/fast && /usr/bin/make -f CMakeFiles/cmTC_3e6b7.dir/build.make CMakeFiles/cmTC_3e6b7.dir/build
make[1]: Entering directory '/home/josyula/git/openrave/build/CMakeFiles/CMakeTmp'
Building C object CMakeFiles/cmTC_3e6b7.dir/CheckIncludeFile.c.o
/usr/bin/cc   -O3 -DNDEBUG   -o CMakeFiles/cmTC_3e6b7.dir/CheckIncludeFile.c.o   -c /home/josyula/git/openrave/build/CMakeFiles/CMakeTmp/CheckIncludeFile.c
Linking C executable cmTC_3e6b7
/usr/bin/cmake -E cmake_link_script CMakeFiles/cmTC_3e6b7.dir/link.txt --verbose=1
/usr/bin/cc   -O3 -DNDEBUG    -rdynamic CMakeFiles/cmTC_3e6b7.dir/CheckIncludeFile.c.o  -o cmTC_3e6b7 
make[1]: Leaving directory '/home/josyula/git/openrave/build/CMakeFiles/CMakeTmp'



Determining if the include file ANN/ANN.h exists passed with the following output:
Change Dir: /home/josyula/git/openrave/build/CMakeFiles/CMakeTmp

Run Build Command(s):/usr/bin/make cmTC_ade2d/fast && /usr/bin/make -f CMakeFiles/cmTC_ade2d.dir/build.make CMakeFiles/cmTC_ade2d.dir/build
make[1]: Entering directory '/home/josyula/git/openrave/build/CMakeFiles/CMakeTmp'
Building CXX object CMakeFiles/cmTC_ade2d.dir/CheckIncludeFile.cxx.o
/usr/bin/c++    -O3 -DNDEBUG   -o CMakeFiles/cmTC_ade2d.dir/CheckIncludeFile.cxx.o -c /home/josyula/git/openrave/build/CMakeFiles/CMakeTmp/CheckIncludeFile.cxx
Linking CXX executable cmTC_ade2d
/usr/bin/cmake -E cmake_link_script CMakeFiles/cmTC_ade2d.dir/link.txt --verbose=1
/usr/bin/c++    -O3 -DNDEBUG    -rdynamic CMakeFiles/cmTC_ade2d.dir/CheckIncludeFile.cxx.o  -o cmTC_ade2d 
make[1]: Leaving directory '/home/josyula/git/openrave/build/CMakeFiles/CMakeTmp'



Determining size of float passed with the following output:
Change Dir: /home/josyula/git/openrave/build/CMakeFiles/CMakeTmp

Run Build Command(s):/usr/bin/make cmTC_79a0b/fast && /usr/bin/make -f CMakeFiles/cmTC_79a0b.dir/build.make CMakeFiles/cmTC_79a0b.dir/build
make[1]: Entering directory '/home/josyula/git/openrave/build/CMakeFiles/CMakeTmp'
Building C object CMakeFiles/cmTC_79a0b.dir/HAVE_FLOAT_SIZE.c.o
/usr/bin/cc   -O3 -DNDEBUG   -o CMakeFiles/cmTC_79a0b.dir/HAVE_FLOAT_SIZE.c.o   -c /home/josyula/git/openrave/build/CMakeFiles/CheckTypeSize/HAVE_FLOAT_SIZE.c
Linking C executable cmTC_79a0b
/usr/bin/cmake -E cmake_link_script CMakeFiles/cmTC_79a0b.dir/link.txt --verbose=1
/usr/bin/cc   -O3 -DNDEBUG    -rdynamic CMakeFiles/cmTC_79a0b.dir/HAVE_FLOAT_SIZE.c.o  -o cmTC_79a0b 
make[1]: Leaving directory '/home/josyula/git/openrave/build/CMakeFiles/CMakeTmp'



Determining size of long int passed with the following output:
Change Dir: /home/josyula/git/openrave/build/CMakeFiles/CMakeTmp

Run Build Command(s):/usr/bin/make cmTC_012f6/fast && /usr/bin/make -f CMakeFiles/cmTC_012f6.dir/build.make CMakeFiles/cmTC_012f6.dir/build
make[1]: Entering directory '/home/josyula/git/openrave/build/CMakeFiles/CMakeTmp'
Building C object CMakeFiles/cmTC_012f6.dir/HAVE_LONG_INT_SIZE.c.o
/usr/bin/cc   -O3 -DNDEBUG   -o CMakeFiles/cmTC_012f6.dir/HAVE_LONG_INT_SIZE.c.o   -c /home/josyula/git/openrave/build/CMakeFiles/CheckTypeSize/HAVE_LONG_INT_SIZE.c
Linking C executable cmTC_012f6
/usr/bin/cmake -E cmake_link_script CMakeFiles/cmTC_012f6.dir/link.txt --verbose=1
/usr/bin/cc   -O3 -DNDEBUG    -rdynamic CMakeFiles/cmTC_012f6.dir/HAVE_LONG_INT_SIZE.c.o  -o cmTC_012f6 
make[1]: Leaving directory '/home/josyula/git/openrave/build/CMakeFiles/CMakeTmp'



Determining if the include file alloca.h exists passed with the following output:
Change Dir: /home/josyula/git/openrave/build/CMakeFiles/CMakeTmp

Run Build Command(s):/usr/bin/make cmTC_4ba79/fast && /usr/bin/make -f CMakeFiles/cmTC_4ba79.dir/build.make CMakeFiles/cmTC_4ba79.dir/build
make[1]: Entering directory '/home/josyula/git/openrave/build/CMakeFiles/CMakeTmp'
Building C object CMakeFiles/cmTC_4ba79.dir/CheckIncludeFile.c.o
/usr/bin/cc   -O3 -DNDEBUG   -o CMakeFiles/cmTC_4ba79.dir/CheckIncludeFile.c.o   -c /home/josyula/git/openrave/build/CMakeFiles/CMakeTmp/CheckIncludeFile.c
Linking C executable cmTC_4ba79
/usr/bin/cmake -E cmake_link_script CMakeFiles/cmTC_4ba79.dir/link.txt --verbose=1
/usr/bin/cc   -O3 -DNDEBUG    -rdynamic CMakeFiles/cmTC_4ba79.dir/CheckIncludeFile.c.o  -o cmTC_4ba79 
make[1]: Leaving directory '/home/josyula/git/openrave/build/CMakeFiles/CMakeTmp'



Determining if the function strtof exists passed with the following output:
Change Dir: /home/josyula/git/openrave/build/CMakeFiles/CMakeTmp

Run Build Command(s):/usr/bin/make cmTC_8ecd1/fast && /usr/bin/make -f CMakeFiles/cmTC_8ecd1.dir/build.make CMakeFiles/cmTC_8ecd1.dir/build
make[1]: Entering directory '/home/josyula/git/openrave/build/CMakeFiles/CMakeTmp'
Building C object CMakeFiles/cmTC_8ecd1.dir/CheckFunctionExists.c.o
/usr/bin/cc   -DCHECK_FUNCTION_EXISTS=strtof -O3 -DNDEBUG   -o CMakeFiles/cmTC_8ecd1.dir/CheckFunctionExists.c.o   -c /usr/share/cmake-3.16/Modules/CheckFunctionExists.c
Linking C executable cmTC_8ecd1
/usr/bin/cmake -E cmake_link_script CMakeFiles/cmTC_8ecd1.dir/link.txt --verbose=1
/usr/bin/cc  -DCHECK_FUNCTION_EXISTS=strtof -O3 -DNDEBUG    -rdynamic CMakeFiles/cmTC_8ecd1.dir/CheckFunctionExists.c.o  -o cmTC_8ecd1  -lm 
make[1]: Leaving directory '/home/josyula/git/openrave/build/CMakeFiles/CMakeTmp'



Determining if the function strtold exists passed with the following output:
Change Dir: /home/josyula/git/openrave/build/CMakeFiles/CMakeTmp

Run Build Command(s):/usr/bin/make cmTC_f8ab8/fast && /usr/bin/make -f CMakeFiles/cmTC_f8ab8.dir/build.make CMakeFiles/cmTC_f8ab8.dir/build
make[1]: Entering directory '/home/josyula/git/openrave/build/CMakeFiles/CMakeTmp'
Building C object CMakeFiles/cmTC_f8ab8.dir/CheckFunctionExists.c.o
/usr/bin/cc   -DCHECK_FUNCTION_EXISTS=strtold -O3 -DNDEBUG   -o CMakeFiles/cmTC_f8ab8.dir/CheckFunctionExists.c.o   -c /usr/share/cmake-3.16/Modules/CheckFunctionExists.c
Linking C executable cmTC_f8ab8
/usr/bin/cmake -E cmake_link_script CMakeFiles/cmTC_f8ab8.dir/link.txt --verbose=1
/usr/bin/cc  -DCHECK_FUNCTION_EXISTS=strtold -O3 -DNDEBUG    -rdynamic CMakeFiles/cmTC_f8ab8.dir/CheckFunctionExists.c.o  -o cmTC_f8ab8  -lm 
make[1]: Leaving directory '/home/josyula/git/openrave/build/CMakeFiles/CMakeTmp'



Determining size of long double passed with the following output:
Change Dir: /home/josyula/git/openrave/build/CMakeFiles/CMakeTmp

Run Build Command(s):/usr/bin/make cmTC_91131/fast && /usr/bin/make -f CMakeFiles/cmTC_91131.dir/build.make CMakeFiles/cmTC_91131.dir/build
make[1]: Entering directory '/home/josyula/git/openrave/build/CMakeFiles/CMakeTmp'
Building C object CMakeFiles/cmTC_91131.dir/HAVE_LONG_DOUBLE_SIZE.c.o
/usr/bin/cc   -O3 -DNDEBUG   -o CMakeFiles/cmTC_91131.dir/HAVE_LONG_DOUBLE_SIZE.c.o   -c /home/josyula/git/openrave/build/CMakeFiles/CheckTypeSize/HAVE_LONG_DOUBLE_SIZE.c
Linking C executable cmTC_91131
/usr/bin/cmake -E cmake_link_script CMakeFiles/cmTC_91131.dir/link.txt --verbose=1
/usr/bin/cc   -O3 -DNDEBUG    -rdynamic CMakeFiles/cmTC_91131.dir/HAVE_LONG_DOUBLE_SIZE.c.o  -o cmTC_91131  -lm 
make[1]: Leaving directory '/home/josyula/git/openrave/build/CMakeFiles/CMakeTmp'



Determining if the include file ext/hash_map exists passed with the following output:
Change Dir: /home/josyula/git/openrave/build/CMakeFiles/CMakeTmp

Run Build Command(s):/usr/bin/make cmTC_f0060/fast && /usr/bin/make -f CMakeFiles/cmTC_f0060.dir/build.make CMakeFiles/cmTC_f0060.dir/build
make[1]: Entering directory '/home/josyula/git/openrave/build/CMakeFiles/CMakeTmp'
Building CXX object CMakeFiles/cmTC_f0060.dir/CheckIncludeFile.cxx.o
/usr/bin/c++    -O3 -DNDEBUG   -o CMakeFiles/cmTC_f0060.dir/CheckIncludeFile.cxx.o -c /home/josyula/git/openrave/build/CMakeFiles/CMakeTmp/CheckIncludeFile.cxx
In file included from /usr/include/c++/9/ext/hash_map:60,
                 from /home/josyula/git/openrave/build/CMakeFiles/CMakeTmp/CheckIncludeFile.cxx:1:
/usr/include/c++/9/backward/backward_warning.h:32:2: warning: #warning This file includes at least one deprecated or antiquated header which may be removed without further notice at a future date. Please use a non-deprecated interface with equivalent functionality instead. For a listing of replacement headers and interfaces, consult the file backward_warning.h. To disable this warning use -Wno-deprecated. [-Wcpp]
   32 | #warning \
      |  ^~~~~~~
Linking CXX executable cmTC_f0060
/usr/bin/cmake -E cmake_link_script CMakeFiles/cmTC_f0060.dir/link.txt --verbose=1
/usr/bin/c++    -O3 -DNDEBUG    -rdynamic CMakeFiles/cmTC_f0060.dir/CheckIncludeFile.cxx.o  -o cmTC_f0060 
make[1]: Leaving directory '/home/josyula/git/openrave/build/CMakeFiles/CMakeTmp'



Determining if the function mkstemp exists passed with the following output:
Change Dir: /home/josyula/git/openrave/build/CMakeFiles/CMakeTmp

Run Build Command(s):/usr/bin/make cmTC_1f22b/fast && /usr/bin/make -f CMakeFiles/cmTC_1f22b.dir/build.make CMakeFiles/cmTC_1f22b.dir/build
make[1]: Entering directory '/home/josyula/git/openrave/build/CMakeFiles/CMakeTmp'
Building C object CMakeFiles/cmTC_1f22b.dir/CheckFunctionExists.c.o
/usr/bin/cc   -DCHECK_FUNCTION_EXISTS=mkstemp -O3 -DNDEBUG   -o CMakeFiles/cmTC_1f22b.dir/CheckFunctionExists.c.o   -c /usr/share/cmake-3.16/Modules/CheckFunctionExists.c
Linking C executable cmTC_1f22b
/usr/bin/cmake -E cmake_link_script CMakeFiles/cmTC_1f22b.dir/link.txt --verbose=1
/usr/bin/cc  -DCHECK_FUNCTION_EXISTS=mkstemp -O3 -DNDEBUG    -rdynamic CMakeFiles/cmTC_1f22b.dir/CheckFunctionExists.c.o  -o cmTC_1f22b 
make[1]: Leaving directory '/home/josyula/git/openrave/build/CMakeFiles/CMakeTmp'



Determining if the function _init exists in the lapack passed with the following output:
Change Dir: /home/josyula/git/openrave/build/CMakeFiles/CMakeTmp

Run Build Command(s):/usr/bin/make cmTC_0b823/fast && /usr/bin/make -f CMakeFiles/cmTC_0b823.dir/build.make CMakeFiles/cmTC_0b823.dir/build
make[1]: Entering directory '/home/josyula/git/openrave/build/CMakeFiles/CMakeTmp'
Building C object CMakeFiles/cmTC_0b823.dir/CheckFunctionExists.c.o
/usr/bin/cc   -DCHECK_FUNCTION_EXISTS=_init -O3 -DNDEBUG   -o CMakeFiles/cmTC_0b823.dir/CheckFunctionExists.c.o   -c /usr/share/cmake-3.16/Modules/CheckFunctionExists.c
Linking C executable cmTC_0b823
/usr/bin/cmake -E cmake_link_script CMakeFiles/cmTC_0b823.dir/link.txt --verbose=1
/usr/bin/cc  -DCHECK_FUNCTION_EXISTS=_init -O3 -DNDEBUG    -rdynamic CMakeFiles/cmTC_0b823.dir/CheckFunctionExists.c.o  -o cmTC_0b823  -llapack 
make[1]: Leaving directory '/home/josyula/git/openrave/build/CMakeFiles/CMakeTmp'



Performing C++ SOURCE FILE Test HAVE_ALL_PYTHON_HEADERS succeded with the following output:
Change Dir: /home/josyula/git/openrave/build/CMakeFiles/CMakeTmp

Run Build Command(s):/usr/bin/make cmTC_c3ae8/fast && /usr/bin/make -f CMakeFiles/cmTC_c3ae8.dir/build.make CMakeFiles/cmTC_c3ae8.dir/build
make[1]: Entering directory '/home/josyula/git/openrave/build/CMakeFiles/CMakeTmp'
Building CXX object CMakeFiles/cmTC_c3ae8.dir/src.cxx.o
/usr/bin/c++   -I/home/josyula/miniconda3/include/python3.9 -I/home/josyula/miniconda3/lib/python3.9/site-packages/numpy/core/include  -DHAVE_ALL_PYTHON_HEADERS -DCMAKE_BUILD_TYPE:STRING=Release -O3 -DNDEBUG   -o CMakeFiles/cmTC_c3ae8.dir/src.cxx.o -c /home/josyula/git/openrave/build/CMakeFiles/CMakeTmp/src.cxx
<command-line>: warning: ISO C++11 requires whitespace after the macro name
In file included from /home/josyula/miniconda3/lib/python3.9/site-packages/numpy/core/include/numpy/ndarraytypes.h:1822,
                 from /home/josyula/miniconda3/lib/python3.9/site-packages/numpy/core/include/numpy/ndarrayobject.h:12,
                 from /home/josyula/miniconda3/lib/python3.9/site-packages/numpy/core/include/numpy/arrayobject.h:4,
                 from /home/josyula/git/openrave/build/CMakeFiles/CMakeTmp/src.cxx:6:
/home/josyula/miniconda3/lib/python3.9/site-packages/numpy/core/include/numpy/npy_1_7_deprecated_api.h:17:2: warning: #warning "Using deprecated NumPy API, disable it with " "#define NPY_NO_DEPRECATED_API NPY_1_7_API_VERSION" [-Wcpp]
   17 | #warning "Using deprecated NumPy API, disable it with " \
      |  ^~~~~~~
Linking CXX executable cmTC_c3ae8
/usr/bin/cmake -E cmake_link_script CMakeFiles/cmTC_c3ae8.dir/link.txt --verbose=1
/usr/bin/c++   -DHAVE_ALL_PYTHON_HEADERS -DCMAKE_BUILD_TYPE:STRING=Release -O3 -DNDEBUG    -rdynamic CMakeFiles/cmTC_c3ae8.dir/src.cxx.o  -o cmTC_c3ae8  -Wl,-rpath,/home/josyula/miniconda3/lib /home/josyula/miniconda3/lib/libpython3.9.so /usr/lib/x86_64-linux-gnu/libboost_thread.so /usr/lib/x86_64-linux-gnu/libboost_system.so 
make[1]: Leaving directory '/home/josyula/git/openrave/build/CMakeFiles/CMakeTmp'


Return value: 1
Source file was:

    // python
    #include <Python.h>
    #include <pyconfig.h>
    // numpy
    #include <numpy/arrayobject.h>
    #include <numpy/arrayscalars.h>
    // pybind11
    #include <pybind11/pybind11.h>
    #include <pybind11/stl.h>
    #include <pybind11/numpy.h>
    // #include <pybind11/eigen.h> // requires Eigen3 and include /usr/local/include/eigen3
    int main() { return 0; }
  
Determining if the function dgemm_ exists passed with the following output:
Change Dir: /home/josyula/git/openrave/build/CMakeFiles/CMakeTmp

Run Build Command(s):/usr/bin/make cmTC_0ad81/fast && /usr/bin/make -f CMakeFiles/cmTC_0ad81.dir/build.make CMakeFiles/cmTC_0ad81.dir/build
make[1]: Entering directory '/home/josyula/git/openrave/build/CMakeFiles/CMakeTmp'
Building C object CMakeFiles/cmTC_0ad81.dir/CheckFunctionExists.c.o
/usr/bin/cc   -DCHECK_FUNCTION_EXISTS=dgemm_ -O3 -DNDEBUG   -o CMakeFiles/cmTC_0ad81.dir/CheckFunctionExists.c.o   -c /usr/share/cmake-3.16/Modules/CheckFunctionExists.c
Linking C executable cmTC_0ad81
/usr/bin/cmake -E cmake_link_script CMakeFiles/cmTC_0ad81.dir/link.txt --verbose=1
/usr/bin/cc  -DCHECK_FUNCTION_EXISTS=dgemm_ -O3 -DNDEBUG    -rdynamic CMakeFiles/cmTC_0ad81.dir/CheckFunctionExists.c.o  -o cmTC_0ad81  /usr/lib/x86_64-linux-gnu/libf77blas.so /usr/lib/x86_64-linux-gnu/libatlas.so 
make[1]: Leaving directory '/home/josyula/git/openrave/build/CMakeFiles/CMakeTmp'



Determining if the function cheev_ exists passed with the following output:
Change Dir: /home/josyula/git/openrave/build/CMakeFiles/CMakeTmp

Run Build Command(s):/usr/bin/make cmTC_a9e1f/fast && /usr/bin/make -f CMakeFiles/cmTC_a9e1f.dir/build.make CMakeFiles/cmTC_a9e1f.dir/build
make[1]: Entering directory '/home/josyula/git/openrave/build/CMakeFiles/CMakeTmp'
Building C object CMakeFiles/cmTC_a9e1f.dir/CheckFunctionExists.c.o
/usr/bin/cc   -DCHECK_FUNCTION_EXISTS=cheev_ -O3 -DNDEBUG   -o CMakeFiles/cmTC_a9e1f.dir/CheckFunctionExists.c.o   -c /usr/share/cmake-3.16/Modules/CheckFunctionExists.c
Linking C executable cmTC_a9e1f
/usr/bin/cmake -E cmake_link_script CMakeFiles/cmTC_a9e1f.dir/link.txt --verbose=1
/usr/bin/cc  -DCHECK_FUNCTION_EXISTS=cheev_ -O3 -DNDEBUG    -rdynamic CMakeFiles/cmTC_a9e1f.dir/CheckFunctionExists.c.o  -o cmTC_a9e1f  /usr/lib/x86_64-linux-gnu/liblapack.so /usr/lib/x86_64-linux-gnu/libf77blas.so /usr/lib/x86_64-linux-gnu/libatlas.so 
make[1]: Leaving directory '/home/josyula/git/openrave/build/CMakeFiles/CMakeTmp'



Determining if the include file libswscale/swscale.h exists passed with the following output:
Change Dir: /home/josyula/git/openrave/build/CMakeFiles/CMakeTmp

Run Build Command(s):/usr/bin/make cmTC_9c8b9/fast && /usr/bin/make -f CMakeFiles/cmTC_9c8b9.dir/build.make CMakeFiles/cmTC_9c8b9.dir/build
make[1]: Entering directory '/home/josyula/git/openrave/build/CMakeFiles/CMakeTmp'
Building C object CMakeFiles/cmTC_9c8b9.dir/CheckIncludeFile.c.o
/usr/bin/cc   -O3 -DNDEBUG   -o CMakeFiles/cmTC_9c8b9.dir/CheckIncludeFile.c.o   -c /home/josyula/git/openrave/build/CMakeFiles/CMakeTmp/CheckIncludeFile.c
Linking C executable cmTC_9c8b9
/usr/bin/cmake -E cmake_link_script CMakeFiles/cmTC_9c8b9.dir/link.txt --verbose=1
/usr/bin/cc   -O3 -DNDEBUG    -rdynamic CMakeFiles/cmTC_9c8b9.dir/CheckIncludeFile.c.o  -o cmTC_9c8b9 
make[1]: Leaving directory '/home/josyula/git/openrave/build/CMakeFiles/CMakeTmp'



Determining if the include file libavformat/avformat.h exists passed with the following output:
Change Dir: /home/josyula/git/openrave/build/CMakeFiles/CMakeTmp

Run Build Command(s):/usr/bin/make cmTC_d8e54/fast && /usr/bin/make -f CMakeFiles/cmTC_d8e54.dir/build.make CMakeFiles/cmTC_d8e54.dir/build
make[1]: Entering directory '/home/josyula/git/openrave/build/CMakeFiles/CMakeTmp'
Building C object CMakeFiles/cmTC_d8e54.dir/CheckIncludeFile.c.o
/usr/bin/cc   -O3 -DNDEBUG   -o CMakeFiles/cmTC_d8e54.dir/CheckIncludeFile.c.o   -c /home/josyula/git/openrave/build/CMakeFiles/CMakeTmp/CheckIncludeFile.c
Linking C executable cmTC_d8e54
/usr/bin/cmake -E cmake_link_script CMakeFiles/cmTC_d8e54.dir/link.txt --verbose=1
/usr/bin/cc   -O3 -DNDEBUG    -rdynamic CMakeFiles/cmTC_d8e54.dir/CheckIncludeFile.c.o  -o cmTC_d8e54 
make[1]: Leaving directory '/home/josyula/git/openrave/build/CMakeFiles/CMakeTmp'



Determining if the include file libavcodec/avcodec.h exists passed with the following output:
Change Dir: /home/josyula/git/openrave/build/CMakeFiles/CMakeTmp

Run Build Command(s):/usr/bin/make cmTC_fbe83/fast && /usr/bin/make -f CMakeFiles/cmTC_fbe83.dir/build.make CMakeFiles/cmTC_fbe83.dir/build
make[1]: Entering directory '/home/josyula/git/openrave/build/CMakeFiles/CMakeTmp'
Building C object CMakeFiles/cmTC_fbe83.dir/CheckIncludeFile.c.o
/usr/bin/cc   -O3 -DNDEBUG   -o CMakeFiles/cmTC_fbe83.dir/CheckIncludeFile.c.o   -c /home/josyula/git/openrave/build/CMakeFiles/CMakeTmp/CheckIncludeFile.c
Linking C executable cmTC_fbe83
/usr/bin/cmake -E cmake_link_script CMakeFiles/cmTC_fbe83.dir/link.txt --verbose=1
/usr/bin/cc   -O3 -DNDEBUG    -rdynamic CMakeFiles/cmTC_fbe83.dir/CheckIncludeFile.c.o  -o cmTC_fbe83 
make[1]: Leaving directory '/home/josyula/git/openrave/build/CMakeFiles/CMakeTmp'



Performing C++ SOURCE FILE Test HAS_AVMEDIA_TYPE_VIDEO succeeded with the following output:
Change Dir: /home/josyula/git/openrave/build/CMakeFiles/CMakeTmp

Run Build Command(s):/usr/bin/make cmTC_741bb/fast && /usr/bin/make -f CMakeFiles/cmTC_741bb.dir/build.make CMakeFiles/cmTC_741bb.dir/build
make[1]: Entering directory '/home/josyula/git/openrave/build/CMakeFiles/CMakeTmp'
Building CXX object CMakeFiles/cmTC_741bb.dir/src.cxx.o
/usr/bin/c++    -DHAS_AVMEDIA_TYPE_VIDEO -I/usr/include/x86_64-linux-gnu -O3 -DNDEBUG   -o CMakeFiles/cmTC_741bb.dir/src.cxx.o -c /home/josyula/git/openrave/build/CMakeFiles/CMakeTmp/src.cxx
Linking CXX executable cmTC_741bb
/usr/bin/cmake -E cmake_link_script CMakeFiles/cmTC_741bb.dir/link.txt --verbose=1
/usr/bin/c++   -DHAS_AVMEDIA_TYPE_VIDEO -I/usr/include/x86_64-linux-gnu -O3 -DNDEBUG    -rdynamic CMakeFiles/cmTC_741bb.dir/src.cxx.o  -o cmTC_741bb 
make[1]: Leaving directory '/home/josyula/git/openrave/build/CMakeFiles/CMakeTmp'


Source file was:

      #define __STDC_CONSTANT_MACROS
      #include <stdint.h>
      #include <libavformat/avformat.h>
      #include <libavcodec/avcodec.h>
      int main()
      {
	return AVMEDIA_TYPE_VIDEO;
      }
Determining if the include file X11/Xlib.h exists passed with the following output:
Change Dir: /home/josyula/git/openrave/build/CMakeFiles/CMakeTmp

Run Build Command(s):/usr/bin/make cmTC_6a6d9/fast && /usr/bin/make -f CMakeFiles/cmTC_6a6d9.dir/build.make CMakeFiles/cmTC_6a6d9.dir/build
make[1]: Entering directory '/home/josyula/git/openrave/build/CMakeFiles/CMakeTmp'
Building C object CMakeFiles/cmTC_6a6d9.dir/CheckIncludeFile.c.o
/usr/bin/cc   -O3 -DNDEBUG   -o CMakeFiles/cmTC_6a6d9.dir/CheckIncludeFile.c.o   -c /home/josyula/git/openrave/build/CMakeFiles/CMakeTmp/CheckIncludeFile.c
Linking C executable cmTC_6a6d9
/usr/bin/cmake -E cmake_link_script CMakeFiles/cmTC_6a6d9.dir/link.txt --verbose=1
/usr/bin/cc   -O3 -DNDEBUG    -rdynamic CMakeFiles/cmTC_6a6d9.dir/CheckIncludeFile.c.o  -o cmTC_6a6d9 
make[1]: Leaving directory '/home/josyula/git/openrave/build/CMakeFiles/CMakeTmp'



Determining if the function dAllocateODEDataForThread exists passed with the following output:
Change Dir: /home/josyula/git/openrave/build/CMakeFiles/CMakeTmp

Run Build Command(s):/usr/bin/make cmTC_ebad9/fast && /usr/bin/make -f CMakeFiles/cmTC_ebad9.dir/build.make CMakeFiles/cmTC_ebad9.dir/build
make[1]: Entering directory '/home/josyula/git/openrave/build/CMakeFiles/CMakeTmp'
Building C object CMakeFiles/cmTC_ebad9.dir/CheckFunctionExists.c.o
/usr/bin/cc   -DCHECK_FUNCTION_EXISTS=dAllocateODEDataForThread  -L/usr/lib/x86_64-linux-gnu -O3 -DNDEBUG   -o CMakeFiles/cmTC_ebad9.dir/CheckFunctionExists.c.o   -c /usr/share/cmake-3.16/Modules/CheckFunctionExists.c
Linking C executable cmTC_ebad9
/usr/bin/cmake -E cmake_link_script CMakeFiles/cmTC_ebad9.dir/link.txt --verbose=1
/usr/bin/cc  -DCHECK_FUNCTION_EXISTS=dAllocateODEDataForThread  -L/usr/lib/x86_64-linux-gnu -O3 -DNDEBUG    -rdynamic CMakeFiles/cmTC_ebad9.dir/CheckFunctionExists.c.o  -o cmTC_ebad9  -lode 
make[1]: Leaving directory '/home/josyula/git/openrave/build/CMakeFiles/CMakeTmp'



